#
# There is insufficient memory for the Java Runtime Environment to continue.
# Native memory allocation (malloc) failed to allocate 1366656 bytes for Chunk::new
# Possible reasons:
#   The system is out of physical RAM or swap space
#   The process is running with CompressedOops enabled, and the Java Heap may be blocking the growth of the native heap
# Possible solutions:
#   Reduce memory load on the system
#   Increase physical memory or swap space
#   Check if swap backing store is full
#   Decrease Java heap size (-Xmx/-Xms)
#   Decrease number of Java threads
#   Decrease Java thread stack sizes (-Xss)
#   Set larger code cache with -XX:ReservedCodeCacheSize=
#   JVM is running with Unscaled Compressed Oops mode in which the Java heap is
#     placed in the first 4GB address space. The Java Heap base address is the
#     maximum limit for the native heap growth. Please use -XX:HeapBaseMinAddress
#     to set the Java Heap base and to place the Java Heap above 4GB virtual address.
# This output file may be truncated or incomplete.
#
#  Out of Memory Error (arena.cpp:189), pid=3928, tid=15008
#
# JRE version: Java(TM) SE Runtime Environment (17.0.10+11) (build 17.0.10+11-LTS-240)
# Java VM: Java HotSpot(TM) 64-Bit Server VM (17.0.10+11-LTS-240, mixed mode, sharing, tiered, compressed oops, compressed class ptrs, g1 gc, windows-amd64)
# No core dump will be written. Minidumps are not enabled by default on client versions of Windows
#

---------------  S U M M A R Y ------------

Command Line: --add-opens=java.base/java.util=ALL-UNNAMED --add-opens=java.base/java.lang=ALL-UNNAMED --add-opens=java.base/java.lang.invoke=ALL-UNNAMED --add-opens=java.base/java.util=ALL-UNNAMED --add-opens=java.prefs/java.util.prefs=ALL-UNNAMED --add-opens=java.prefs/java.util.prefs=ALL-UNNAMED --add-opens=java.base/java.nio.charset=ALL-UNNAMED --add-opens=java.base/java.net=ALL-UNNAMED --add-opens=java.base/java.util.concurrent.atomic=ALL-UNNAMED -XX:MaxMetaspaceSize=256m -XX:+HeapDumpOnOutOfMemoryError -Xms256m -Xmx512m -Dfile.encoding=windows-1252 -Duser.country=US -Duser.language=en -Duser.variant org.gradle.launcher.daemon.bootstrap.GradleDaemon 7.3.3

Host: Intel(R) Core(TM) i3-6006U CPU @ 2.00GHz, 4 cores, 3G,  Windows 10 , 64 bit Build 18362 (10.0.18362.86)
Time: Thu Feb  1 12:18:57 2024 India Standard Time elapsed time: 8.735652 seconds (0d 0h 0m 8s)

---------------  T H R E A D  ---------------

Current thread (0x0000026530bccf30):  JavaThread "C2 CompilerThread0" daemon [_thread_in_native, id=15008, stack(0x000000c318200000,0x000000c318300000)]


Current CompileTask:
C2:   8735 2658   !   4       java.lang.reflect.Executable::declaredAnnotations (85 bytes)

Stack: [0x000000c318200000,0x000000c318300000]
Native frames: (J=compiled Java code, j=interpreted, Vv=VM code, C=native code)
V  [jvm.dll+0x677a5a]
V  [jvm.dll+0x7d8b2d]
V  [jvm.dll+0x7da48e]
V  [jvm.dll+0x7daaf3]
V  [jvm.dll+0x2455ff]
V  [jvm.dll+0xaaafb]
V  [jvm.dll+0xab09c]
V  [jvm.dll+0x361bae]
V  [jvm.dll+0x32c211]
V  [jvm.dll+0x32b6aa]
V  [jvm.dll+0x21794f]
V  [jvm.dll+0x216d81]
V  [jvm.dll+0x1a3410]
V  [jvm.dll+0x226aeb]
V  [jvm.dll+0x224cab]
V  [jvm.dll+0x78e45c]
V  [jvm.dll+0x78888a]
V  [jvm.dll+0x676935]
C  [ucrtbase.dll+0x1d912]
C  [KERNEL32.DLL+0x17bd4]
C  [ntdll.dll+0x6ce71]


---------------  P R O C E S S  ---------------

Threads class SMR info:
_java_thread_list=0x000002654506e6e0, length=32, elements={
0x0000026516b44280, 0x0000026530baa780, 0x0000026530bab510, 0x0000026530bc71e0,
0x0000026530bc8cc0, 0x0000026530bcb5a0, 0x0000026530bcc280, 0x0000026530bccf30,
0x0000026530bd9390, 0x0000026530bf70b0, 0x00000265430e3ed0, 0x00000265430e6be0,
0x00000265445bd460, 0x0000026544167940, 0x00000265444580b0, 0x00000265449d45b0,
0x00000265441bb170, 0x00000265441b27e0, 0x00000265441b2cf0, 0x00000265441b3200,
0x00000265441b3710, 0x00000265441b3c20, 0x00000265441b0980, 0x00000265441b1dc0,
0x00000265441b0e90, 0x00000265441b13a0, 0x00000265441b18b0, 0x00000265441b22d0,
0x00000265448d8030, 0x00000265448d7610, 0x00000265448d5cc0, 0x00000265448d2510
}

Java Threads: ( => current thread )
  0x0000026516b44280 JavaThread "main" [_thread_blocked, id=1084, stack(0x000000c317500000,0x000000c317600000)]
  0x0000026530baa780 JavaThread "Reference Handler" daemon [_thread_blocked, id=6432, stack(0x000000c317c00000,0x000000c317d00000)]
  0x0000026530bab510 JavaThread "Finalizer" daemon [_thread_blocked, id=15104, stack(0x000000c317d00000,0x000000c317e00000)]
  0x0000026530bc71e0 JavaThread "Signal Dispatcher" daemon [_thread_blocked, id=6524, stack(0x000000c317e00000,0x000000c317f00000)]
  0x0000026530bc8cc0 JavaThread "Attach Listener" daemon [_thread_blocked, id=15276, stack(0x000000c317f00000,0x000000c318000000)]
  0x0000026530bcb5a0 JavaThread "Service Thread" daemon [_thread_blocked, id=9180, stack(0x000000c318000000,0x000000c318100000)]
  0x0000026530bcc280 JavaThread "Monitor Deflation Thread" daemon [_thread_blocked, id=11748, stack(0x000000c318100000,0x000000c318200000)]
=>0x0000026530bccf30 JavaThread "C2 CompilerThread0" daemon [_thread_in_native, id=15008, stack(0x000000c318200000,0x000000c318300000)]
  0x0000026530bd9390 JavaThread "C1 CompilerThread0" daemon [_thread_blocked, id=6844, stack(0x000000c318300000,0x000000c318400000)]
  0x0000026530bf70b0 JavaThread "Sweeper thread" daemon [_thread_blocked, id=14644, stack(0x000000c318400000,0x000000c318500000)]
  0x00000265430e3ed0 JavaThread "Common-Cleaner" daemon [_thread_blocked, id=6756, stack(0x000000c318500000,0x000000c318600000)]
  0x00000265430e6be0 JavaThread "Notification Thread" daemon [_thread_blocked, id=5884, stack(0x000000c318600000,0x000000c318700000)]
  0x00000265445bd460 JavaThread "Daemon health stats" [_thread_blocked, id=13088, stack(0x000000c318b00000,0x000000c318c00000)]
  0x0000026544167940 JavaThread "Incoming local TCP Connector on port 64206" [_thread_in_native, id=8024, stack(0x000000c318c00000,0x000000c318d00000)]
  0x00000265444580b0 JavaThread "Daemon periodic checks" [_thread_blocked, id=14604, stack(0x000000c318d00000,0x000000c318e00000)]
  0x00000265449d45b0 JavaThread "Daemon" [_thread_blocked, id=8080, stack(0x000000c318e00000,0x000000c318f00000)]
  0x00000265441bb170 JavaThread "Handler for socket connection from /127.0.0.1:64206 to /127.0.0.1:64207" [_thread_in_native, id=8236, stack(0x000000c318f00000,0x000000c319000000)]
  0x00000265441b27e0 JavaThread "Cancel handler" [_thread_blocked, id=12048, stack(0x000000c319000000,0x000000c319100000)]
  0x00000265441b2cf0 JavaThread "Daemon worker" [_thread_in_vm, id=13936, stack(0x000000c319100000,0x000000c319200000)]
  0x00000265441b3200 JavaThread "Asynchronous log dispatcher for DefaultDaemonConnection: socket connection from /127.0.0.1:64206 to /127.0.0.1:64207" [_thread_blocked, id=12612, stack(0x000000c319200000,0x000000c319300000)]
  0x00000265441b3710 JavaThread "Stdin handler" [_thread_blocked, id=1732, stack(0x000000c319300000,0x000000c319400000)]
  0x00000265441b3c20 JavaThread "Daemon client event forwarder" [_thread_blocked, id=14752, stack(0x000000c319400000,0x000000c319500000)]
  0x00000265441b0980 JavaThread "Cache worker for journal cache (C:\Users\lenovo\.gradle\caches\journal-1)" [_thread_blocked, id=9644, stack(0x000000c319500000,0x000000c319600000)]
  0x00000265441b1dc0 JavaThread "File lock request listener" [_thread_in_native, id=5652, stack(0x000000c319600000,0x000000c319700000)]
  0x00000265441b0e90 JavaThread "Cache worker for file hash cache (C:\Users\lenovo\.gradle\caches\7.3.3\fileHashes)" [_thread_blocked, id=11736, stack(0x000000c319700000,0x000000c319800000)]
  0x00000265441b13a0 JavaThread "Cache worker for file hash cache (D:\Android Project\Kriya\.gradle\7.3.3\fileHashes)" [_thread_blocked, id=6452, stack(0x000000c319800000,0x000000c319900000)]
  0x00000265441b18b0 JavaThread "File watcher server" daemon [_thread_in_native, id=14784, stack(0x000000c319900000,0x000000c319a00000)]
  0x00000265441b22d0 JavaThread "File watcher consumer" daemon [_thread_blocked, id=4080, stack(0x000000c319a00000,0x000000c319b00000)]
  0x00000265448d8030 JavaThread "Cache worker for checksums cache (D:\Android Project\Kriya\.gradle\7.3.3\checksums)" [_thread_blocked, id=7252, stack(0x000000c319b00000,0x000000c319c00000)]
  0x00000265448d7610 JavaThread "Cache worker for cache directory md-supplier (C:\Users\lenovo\.gradle\caches\7.3.3\md-supplier)" [_thread_blocked, id=3004, stack(0x000000c319c00000,0x000000c319d00000)]
  0x00000265448d5cc0 JavaThread "Cache worker for cache directory md-rule (C:\Users\lenovo\.gradle\caches\7.3.3\md-rule)" [_thread_blocked, id=9932, stack(0x000000c319d00000,0x000000c319e00000)]
  0x00000265448d2510 JavaThread "Cache worker for execution history cache (C:\Users\lenovo\.gradle\caches\7.3.3\executionHistory)" [_thread_blocked, id=5116, stack(0x000000c319e00000,0x000000c319f00000)]

Other Threads:
  0x0000026530ba1210 VMThread "VM Thread" [stack: 0x000000c317b00000,0x000000c317c00000] [id=13680]
  0x0000026516b7e210 WatcherThread [stack: 0x000000c318700000,0x000000c318800000] [id=9280]
  0x0000026516b708b0 GCTaskThread "GC Thread#0" [stack: 0x000000c317600000,0x000000c317700000] [id=9504]
  0x0000026543201440 GCTaskThread "GC Thread#1" [stack: 0x000000c318800000,0x000000c318900000] [id=5080]
  0x00000265432b0bb0 GCTaskThread "GC Thread#2" [stack: 0x000000c318900000,0x000000c318a00000] [id=8912]
  0x00000265434346a0 GCTaskThread "GC Thread#3" [stack: 0x000000c318a00000,0x000000c318b00000] [id=8400]
  0x0000026516b75710 ConcurrentGCThread "G1 Main Marker" [stack: 0x000000c317700000,0x000000c317800000] [id=8596]
  0x0000026516b767d0 ConcurrentGCThread "G1 Conc#0" [stack: 0x000000c317800000,0x000000c317900000] [id=15216]
  0x0000026516c0e1f0 ConcurrentGCThread "G1 Refine#0" [stack: 0x000000c317900000,0x000000c317a00000] [id=120]
  0x0000026516c0eb30 ConcurrentGCThread "G1 Service" [stack: 0x000000c317a00000,0x000000c317b00000] [id=14164]

Threads with active compile tasks:
C2 CompilerThread0     8841 2658   !   4       java.lang.reflect.Executable::declaredAnnotations (85 bytes)
C1 CompilerThread0     8841 2812       2       java.lang.invoke.MethodHandles$Lookup::resolveOrFail (44 bytes)

VM state: not at safepoint (normal execution)

VM Mutex/Monitor currently owned by a thread: None

Heap address: 0x00000000e0000000, size: 512 MB, Compressed Oops mode: 32-bit

CDS archive(s) mapped at: [0x0000026531000000-0x0000026531bd0000-0x0000026531bd0000), size 12386304, SharedBaseAddress: 0x0000026531000000, ArchiveRelocationMode: 1.
Compressed class space mapped at: 0x0000026532000000-0x000002653f000000, reserved size: 218103808
Narrow klass base: 0x0000026531000000, Narrow klass shift: 0, Narrow klass range: 0x100000000

GC Precious Log:
 CPUs: 4 total, 4 available
 Memory: 3975M
 Large Page Support: Disabled
 NUMA Support: Disabled
 Compressed Oops: Enabled (32-bit)
 Heap Region Size: 1M
 Heap Min Capacity: 256M
 Heap Initial Capacity: 256M
 Heap Max Capacity: 512M
 Pre-touch: Disabled
 Parallel Workers: 4
 Concurrent Workers: 1
 Concurrent Refinement Workers: 4
 Periodic GC: Disabled

Heap:
 garbage-first heap   total 262144K, used 33590K [0x00000000e0000000, 0x0000000100000000)
  region size 1024K, 25 young (25600K), 12 survivors (12288K)
 Metaspace       used 23375K, committed 23744K, reserved 278528K
  class space    used 3441K, committed 3584K, reserved 212992K

Heap Regions: E=young(eden), S=young(survivor), O=old, HS=humongous(starts), HC=humongous(continues), CS=collection set, F=free, OA=open archive, CA=closed archive, TAMS=top-at-mark-start (previous, next)
|   0|0x00000000e0000000, 0x00000000e0100000, 0x00000000e0100000|100%|HS|  |TAMS 0x00000000e0100000, 0x00000000e0000000| Complete 
|   1|0x00000000e0100000, 0x00000000e0200000, 0x00000000e0200000|100%|HC|  |TAMS 0x00000000e0200000, 0x00000000e0100000| Complete 
|   2|0x00000000e0200000, 0x00000000e0300000, 0x00000000e0300000|100%|HC|  |TAMS 0x00000000e0300000, 0x00000000e0200000| Complete 
|   3|0x00000000e0300000, 0x00000000e0400000, 0x00000000e0400000|100%| O|  |TAMS 0x00000000e0400000, 0x00000000e0300000| Untracked 
|   4|0x00000000e0400000, 0x00000000e0500000, 0x00000000e0500000|100%| O|  |TAMS 0x00000000e0500000, 0x00000000e0400000| Untracked 
|   5|0x00000000e0500000, 0x00000000e0600000, 0x00000000e0600000|100%| O|  |TAMS 0x00000000e0600000, 0x00000000e0500000| Untracked 
|   6|0x00000000e0600000, 0x00000000e0700000, 0x00000000e0700000|100%| O|  |TAMS 0x00000000e0700000, 0x00000000e0600000| Untracked 
|   7|0x00000000e0700000, 0x00000000e0800000, 0x00000000e0800000|100%| O|  |TAMS 0x00000000e0800000, 0x00000000e0700000| Untracked 
|   8|0x00000000e0800000, 0x00000000e0800000, 0x00000000e0900000|  0%| F|  |TAMS 0x00000000e0800000, 0x00000000e0800000| Untracked 
|   9|0x00000000e0900000, 0x00000000e0a00000, 0x00000000e0a00000|100%| O|  |TAMS 0x00000000e0a00000, 0x00000000e0900000| Untracked 
|  10|0x00000000e0a00000, 0x00000000e0a9ce00, 0x00000000e0b00000| 61%| O|  |TAMS 0x00000000e0a9ce00, 0x00000000e0a00000| Untracked 
|  11|0x00000000e0b00000, 0x00000000e0b00000, 0x00000000e0c00000|  0%| F|  |TAMS 0x00000000e0b00000, 0x00000000e0b00000| Untracked 
|  12|0x00000000e0c00000, 0x00000000e0c00000, 0x00000000e0d00000|  0%| F|  |TAMS 0x00000000e0c00000, 0x00000000e0c00000| Untracked 
|  13|0x00000000e0d00000, 0x00000000e0d00000, 0x00000000e0e00000|  0%| F|  |TAMS 0x00000000e0d00000, 0x00000000e0d00000| Untracked 
|  14|0x00000000e0e00000, 0x00000000e0e00000, 0x00000000e0f00000|  0%| F|  |TAMS 0x00000000e0e00000, 0x00000000e0e00000| Untracked 
|  15|0x00000000e0f00000, 0x00000000e0f00000, 0x00000000e1000000|  0%| F|  |TAMS 0x00000000e0f00000, 0x00000000e0f00000| Untracked 
|  16|0x00000000e1000000, 0x00000000e1000000, 0x00000000e1100000|  0%| F|  |TAMS 0x00000000e1000000, 0x00000000e1000000| Untracked 
|  17|0x00000000e1100000, 0x00000000e1100000, 0x00000000e1200000|  0%| F|  |TAMS 0x00000000e1100000, 0x00000000e1100000| Untracked 
|  18|0x00000000e1200000, 0x00000000e1200000, 0x00000000e1300000|  0%| F|  |TAMS 0x00000000e1200000, 0x00000000e1200000| Untracked 
|  19|0x00000000e1300000, 0x00000000e1300000, 0x00000000e1400000|  0%| F|  |TAMS 0x00000000e1300000, 0x00000000e1300000| Untracked 
|  20|0x00000000e1400000, 0x00000000e1400000, 0x00000000e1500000|  0%| F|  |TAMS 0x00000000e1400000, 0x00000000e1400000| Untracked 
|  21|0x00000000e1500000, 0x00000000e1500000, 0x00000000e1600000|  0%| F|  |TAMS 0x00000000e1500000, 0x00000000e1500000| Untracked 
|  22|0x00000000e1600000, 0x00000000e1600000, 0x00000000e1700000|  0%| F|  |TAMS 0x00000000e1600000, 0x00000000e1600000| Untracked 
|  23|0x00000000e1700000, 0x00000000e1700000, 0x00000000e1800000|  0%| F|  |TAMS 0x00000000e1700000, 0x00000000e1700000| Untracked 
|  24|0x00000000e1800000, 0x00000000e1800000, 0x00000000e1900000|  0%| F|  |TAMS 0x00000000e1800000, 0x00000000e1800000| Untracked 
|  25|0x00000000e1900000, 0x00000000e1900000, 0x00000000e1a00000|  0%| F|  |TAMS 0x00000000e1900000, 0x00000000e1900000| Untracked 
|  26|0x00000000e1a00000, 0x00000000e1a00000, 0x00000000e1b00000|  0%| F|  |TAMS 0x00000000e1a00000, 0x00000000e1a00000| Untracked 
|  27|0x00000000e1b00000, 0x00000000e1b00000, 0x00000000e1c00000|  0%| F|  |TAMS 0x00000000e1b00000, 0x00000000e1b00000| Untracked 
|  28|0x00000000e1c00000, 0x00000000e1c00000, 0x00000000e1d00000|  0%| F|  |TAMS 0x00000000e1c00000, 0x00000000e1c00000| Untracked 
|  29|0x00000000e1d00000, 0x00000000e1d00000, 0x00000000e1e00000|  0%| F|  |TAMS 0x00000000e1d00000, 0x00000000e1d00000| Untracked 
|  30|0x00000000e1e00000, 0x00000000e1e00000, 0x00000000e1f00000|  0%| F|  |TAMS 0x00000000e1e00000, 0x00000000e1e00000| Untracked 
|  31|0x00000000e1f00000, 0x00000000e1f00000, 0x00000000e2000000|  0%| F|  |TAMS 0x00000000e1f00000, 0x00000000e1f00000| Untracked 
|  32|0x00000000e2000000, 0x00000000e2000000, 0x00000000e2100000|  0%| F|  |TAMS 0x00000000e2000000, 0x00000000e2000000| Untracked 
|  33|0x00000000e2100000, 0x00000000e2100000, 0x00000000e2200000|  0%| F|  |TAMS 0x00000000e2100000, 0x00000000e2100000| Untracked 
|  34|0x00000000e2200000, 0x00000000e2200000, 0x00000000e2300000|  0%| F|  |TAMS 0x00000000e2200000, 0x00000000e2200000| Untracked 
|  35|0x00000000e2300000, 0x00000000e2300000, 0x00000000e2400000|  0%| F|  |TAMS 0x00000000e2300000, 0x00000000e2300000| Untracked 
|  36|0x00000000e2400000, 0x00000000e2400000, 0x00000000e2500000|  0%| F|  |TAMS 0x00000000e2400000, 0x00000000e2400000| Untracked 
|  37|0x00000000e2500000, 0x00000000e2500000, 0x00000000e2600000|  0%| F|  |TAMS 0x00000000e2500000, 0x00000000e2500000| Untracked 
|  38|0x00000000e2600000, 0x00000000e2600000, 0x00000000e2700000|  0%| F|  |TAMS 0x00000000e2600000, 0x00000000e2600000| Untracked 
|  39|0x00000000e2700000, 0x00000000e2700000, 0x00000000e2800000|  0%| F|  |TAMS 0x00000000e2700000, 0x00000000e2700000| Untracked 
|  40|0x00000000e2800000, 0x00000000e2800000, 0x00000000e2900000|  0%| F|  |TAMS 0x00000000e2800000, 0x00000000e2800000| Untracked 
|  41|0x00000000e2900000, 0x00000000e2900000, 0x00000000e2a00000|  0%| F|  |TAMS 0x00000000e2900000, 0x00000000e2900000| Untracked 
|  42|0x00000000e2a00000, 0x00000000e2a00000, 0x00000000e2b00000|  0%| F|  |TAMS 0x00000000e2a00000, 0x00000000e2a00000| Untracked 
|  43|0x00000000e2b00000, 0x00000000e2b00000, 0x00000000e2c00000|  0%| F|  |TAMS 0x00000000e2b00000, 0x00000000e2b00000| Untracked 
|  44|0x00000000e2c00000, 0x00000000e2c00000, 0x00000000e2d00000|  0%| F|  |TAMS 0x00000000e2c00000, 0x00000000e2c00000| Untracked 
|  45|0x00000000e2d00000, 0x00000000e2d00000, 0x00000000e2e00000|  0%| F|  |TAMS 0x00000000e2d00000, 0x00000000e2d00000| Untracked 
|  46|0x00000000e2e00000, 0x00000000e2e00000, 0x00000000e2f00000|  0%| F|  |TAMS 0x00000000e2e00000, 0x00000000e2e00000| Untracked 
|  47|0x00000000e2f00000, 0x00000000e2f00000, 0x00000000e3000000|  0%| F|  |TAMS 0x00000000e2f00000, 0x00000000e2f00000| Untracked 
|  48|0x00000000e3000000, 0x00000000e3000000, 0x00000000e3100000|  0%| F|  |TAMS 0x00000000e3000000, 0x00000000e3000000| Untracked 
|  49|0x00000000e3100000, 0x00000000e3100000, 0x00000000e3200000|  0%| F|  |TAMS 0x00000000e3100000, 0x00000000e3100000| Untracked 
|  50|0x00000000e3200000, 0x00000000e3200000, 0x00000000e3300000|  0%| F|  |TAMS 0x00000000e3200000, 0x00000000e3200000| Untracked 
|  51|0x00000000e3300000, 0x00000000e3300000, 0x00000000e3400000|  0%| F|  |TAMS 0x00000000e3300000, 0x00000000e3300000| Untracked 
|  52|0x00000000e3400000, 0x00000000e3400000, 0x00000000e3500000|  0%| F|  |TAMS 0x00000000e3400000, 0x00000000e3400000| Untracked 
|  53|0x00000000e3500000, 0x00000000e3500000, 0x00000000e3600000|  0%| F|  |TAMS 0x00000000e3500000, 0x00000000e3500000| Untracked 
|  54|0x00000000e3600000, 0x00000000e3600000, 0x00000000e3700000|  0%| F|  |TAMS 0x00000000e3600000, 0x00000000e3600000| Untracked 
|  55|0x00000000e3700000, 0x00000000e3700000, 0x00000000e3800000|  0%| F|  |TAMS 0x00000000e3700000, 0x00000000e3700000| Untracked 
|  56|0x00000000e3800000, 0x00000000e3800000, 0x00000000e3900000|  0%| F|  |TAMS 0x00000000e3800000, 0x00000000e3800000| Untracked 
|  57|0x00000000e3900000, 0x00000000e3900000, 0x00000000e3a00000|  0%| F|  |TAMS 0x00000000e3900000, 0x00000000e3900000| Untracked 
|  58|0x00000000e3a00000, 0x00000000e3a00000, 0x00000000e3b00000|  0%| F|  |TAMS 0x00000000e3a00000, 0x00000000e3a00000| Untracked 
|  59|0x00000000e3b00000, 0x00000000e3b00000, 0x00000000e3c00000|  0%| F|  |TAMS 0x00000000e3b00000, 0x00000000e3b00000| Untracked 
|  60|0x00000000e3c00000, 0x00000000e3c00000, 0x00000000e3d00000|  0%| F|  |TAMS 0x00000000e3c00000, 0x00000000e3c00000| Untracked 
|  61|0x00000000e3d00000, 0x00000000e3d00000, 0x00000000e3e00000|  0%| F|  |TAMS 0x00000000e3d00000, 0x00000000e3d00000| Untracked 
|  62|0x00000000e3e00000, 0x00000000e3e00000, 0x00000000e3f00000|  0%| F|  |TAMS 0x00000000e3e00000, 0x00000000e3e00000| Untracked 
|  63|0x00000000e3f00000, 0x00000000e3f00000, 0x00000000e4000000|  0%| F|  |TAMS 0x00000000e3f00000, 0x00000000e3f00000| Untracked 
|  64|0x00000000e4000000, 0x00000000e4000000, 0x00000000e4100000|  0%| F|  |TAMS 0x00000000e4000000, 0x00000000e4000000| Untracked 
|  65|0x00000000e4100000, 0x00000000e4100000, 0x00000000e4200000|  0%| F|  |TAMS 0x00000000e4100000, 0x00000000e4100000| Untracked 
|  66|0x00000000e4200000, 0x00000000e4200000, 0x00000000e4300000|  0%| F|  |TAMS 0x00000000e4200000, 0x00000000e4200000| Untracked 
|  67|0x00000000e4300000, 0x00000000e4300000, 0x00000000e4400000|  0%| F|  |TAMS 0x00000000e4300000, 0x00000000e4300000| Untracked 
|  68|0x00000000e4400000, 0x00000000e4400000, 0x00000000e4500000|  0%| F|  |TAMS 0x00000000e4400000, 0x00000000e4400000| Untracked 
|  69|0x00000000e4500000, 0x00000000e4500000, 0x00000000e4600000|  0%| F|  |TAMS 0x00000000e4500000, 0x00000000e4500000| Untracked 
|  70|0x00000000e4600000, 0x00000000e4600000, 0x00000000e4700000|  0%| F|  |TAMS 0x00000000e4600000, 0x00000000e4600000| Untracked 
|  71|0x00000000e4700000, 0x00000000e4700000, 0x00000000e4800000|  0%| F|  |TAMS 0x00000000e4700000, 0x00000000e4700000| Untracked 
|  72|0x00000000e4800000, 0x00000000e4800000, 0x00000000e4900000|  0%| F|  |TAMS 0x00000000e4800000, 0x00000000e4800000| Untracked 
|  73|0x00000000e4900000, 0x00000000e4900000, 0x00000000e4a00000|  0%| F|  |TAMS 0x00000000e4900000, 0x00000000e4900000| Untracked 
|  74|0x00000000e4a00000, 0x00000000e4a00000, 0x00000000e4b00000|  0%| F|  |TAMS 0x00000000e4a00000, 0x00000000e4a00000| Untracked 
|  75|0x00000000e4b00000, 0x00000000e4b00000, 0x00000000e4c00000|  0%| F|  |TAMS 0x00000000e4b00000, 0x00000000e4b00000| Untracked 
|  76|0x00000000e4c00000, 0x00000000e4c00000, 0x00000000e4d00000|  0%| F|  |TAMS 0x00000000e4c00000, 0x00000000e4c00000| Untracked 
|  77|0x00000000e4d00000, 0x00000000e4d00000, 0x00000000e4e00000|  0%| F|  |TAMS 0x00000000e4d00000, 0x00000000e4d00000| Untracked 
|  78|0x00000000e4e00000, 0x00000000e4e00000, 0x00000000e4f00000|  0%| F|  |TAMS 0x00000000e4e00000, 0x00000000e4e00000| Untracked 
|  79|0x00000000e4f00000, 0x00000000e4f00000, 0x00000000e5000000|  0%| F|  |TAMS 0x00000000e4f00000, 0x00000000e4f00000| Untracked 
|  80|0x00000000e5000000, 0x00000000e5000000, 0x00000000e5100000|  0%| F|  |TAMS 0x00000000e5000000, 0x00000000e5000000| Untracked 
|  81|0x00000000e5100000, 0x00000000e5100000, 0x00000000e5200000|  0%| F|  |TAMS 0x00000000e5100000, 0x00000000e5100000| Untracked 
|  82|0x00000000e5200000, 0x00000000e5200000, 0x00000000e5300000|  0%| F|  |TAMS 0x00000000e5200000, 0x00000000e5200000| Untracked 
|  83|0x00000000e5300000, 0x00000000e5300000, 0x00000000e5400000|  0%| F|  |TAMS 0x00000000e5300000, 0x00000000e5300000| Untracked 
|  84|0x00000000e5400000, 0x00000000e5400000, 0x00000000e5500000|  0%| F|  |TAMS 0x00000000e5400000, 0x00000000e5400000| Untracked 
|  85|0x00000000e5500000, 0x00000000e5500000, 0x00000000e5600000|  0%| F|  |TAMS 0x00000000e5500000, 0x00000000e5500000| Untracked 
|  86|0x00000000e5600000, 0x00000000e5600000, 0x00000000e5700000|  0%| F|  |TAMS 0x00000000e5600000, 0x00000000e5600000| Untracked 
|  87|0x00000000e5700000, 0x00000000e5700000, 0x00000000e5800000|  0%| F|  |TAMS 0x00000000e5700000, 0x00000000e5700000| Untracked 
|  88|0x00000000e5800000, 0x00000000e5800000, 0x00000000e5900000|  0%| F|  |TAMS 0x00000000e5800000, 0x00000000e5800000| Untracked 
|  89|0x00000000e5900000, 0x00000000e5900000, 0x00000000e5a00000|  0%| F|  |TAMS 0x00000000e5900000, 0x00000000e5900000| Untracked 
|  90|0x00000000e5a00000, 0x00000000e5a00000, 0x00000000e5b00000|  0%| F|  |TAMS 0x00000000e5a00000, 0x00000000e5a00000| Untracked 
|  91|0x00000000e5b00000, 0x00000000e5b00000, 0x00000000e5c00000|  0%| F|  |TAMS 0x00000000e5b00000, 0x00000000e5b00000| Untracked 
|  92|0x00000000e5c00000, 0x00000000e5c00000, 0x00000000e5d00000|  0%| F|  |TAMS 0x00000000e5c00000, 0x00000000e5c00000| Untracked 
|  93|0x00000000e5d00000, 0x00000000e5d00000, 0x00000000e5e00000|  0%| F|  |TAMS 0x00000000e5d00000, 0x00000000e5d00000| Untracked 
|  94|0x00000000e5e00000, 0x00000000e5e00000, 0x00000000e5f00000|  0%| F|  |TAMS 0x00000000e5e00000, 0x00000000e5e00000| Untracked 
|  95|0x00000000e5f00000, 0x00000000e5f00000, 0x00000000e6000000|  0%| F|  |TAMS 0x00000000e5f00000, 0x00000000e5f00000| Untracked 
|  96|0x00000000e6000000, 0x00000000e6000000, 0x00000000e6100000|  0%| F|  |TAMS 0x00000000e6000000, 0x00000000e6000000| Untracked 
|  97|0x00000000e6100000, 0x00000000e6100000, 0x00000000e6200000|  0%| F|  |TAMS 0x00000000e6100000, 0x00000000e6100000| Untracked 
|  98|0x00000000e6200000, 0x00000000e6200000, 0x00000000e6300000|  0%| F|  |TAMS 0x00000000e6200000, 0x00000000e6200000| Untracked 
|  99|0x00000000e6300000, 0x00000000e6300000, 0x00000000e6400000|  0%| F|  |TAMS 0x00000000e6300000, 0x00000000e6300000| Untracked 
| 100|0x00000000e6400000, 0x00000000e6400000, 0x00000000e6500000|  0%| F|  |TAMS 0x00000000e6400000, 0x00000000e6400000| Untracked 
| 101|0x00000000e6500000, 0x00000000e6500000, 0x00000000e6600000|  0%| F|  |TAMS 0x00000000e6500000, 0x00000000e6500000| Untracked 
| 102|0x00000000e6600000, 0x00000000e6600000, 0x00000000e6700000|  0%| F|  |TAMS 0x00000000e6600000, 0x00000000e6600000| Untracked 
| 103|0x00000000e6700000, 0x00000000e6700000, 0x00000000e6800000|  0%| F|  |TAMS 0x00000000e6700000, 0x00000000e6700000| Untracked 
| 104|0x00000000e6800000, 0x00000000e6800000, 0x00000000e6900000|  0%| F|  |TAMS 0x00000000e6800000, 0x00000000e6800000| Untracked 
| 105|0x00000000e6900000, 0x00000000e6900000, 0x00000000e6a00000|  0%| F|  |TAMS 0x00000000e6900000, 0x00000000e6900000| Untracked 
| 106|0x00000000e6a00000, 0x00000000e6a00000, 0x00000000e6b00000|  0%| F|  |TAMS 0x00000000e6a00000, 0x00000000e6a00000| Untracked 
| 107|0x00000000e6b00000, 0x00000000e6b00000, 0x00000000e6c00000|  0%| F|  |TAMS 0x00000000e6b00000, 0x00000000e6b00000| Untracked 
| 108|0x00000000e6c00000, 0x00000000e6c00000, 0x00000000e6d00000|  0%| F|  |TAMS 0x00000000e6c00000, 0x00000000e6c00000| Untracked 
| 109|0x00000000e6d00000, 0x00000000e6d00000, 0x00000000e6e00000|  0%| F|  |TAMS 0x00000000e6d00000, 0x00000000e6d00000| Untracked 
| 110|0x00000000e6e00000, 0x00000000e6e00000, 0x00000000e6f00000|  0%| F|  |TAMS 0x00000000e6e00000, 0x00000000e6e00000| Untracked 
| 111|0x00000000e6f00000, 0x00000000e6f00000, 0x00000000e7000000|  0%| F|  |TAMS 0x00000000e6f00000, 0x00000000e6f00000| Untracked 
| 112|0x00000000e7000000, 0x00000000e7000000, 0x00000000e7100000|  0%| F|  |TAMS 0x00000000e7000000, 0x00000000e7000000| Untracked 
| 113|0x00000000e7100000, 0x00000000e7100000, 0x00000000e7200000|  0%| F|  |TAMS 0x00000000e7100000, 0x00000000e7100000| Untracked 
| 114|0x00000000e7200000, 0x00000000e7200000, 0x00000000e7300000|  0%| F|  |TAMS 0x00000000e7200000, 0x00000000e7200000| Untracked 
| 115|0x00000000e7300000, 0x00000000e7300000, 0x00000000e7400000|  0%| F|  |TAMS 0x00000000e7300000, 0x00000000e7300000| Untracked 
| 116|0x00000000e7400000, 0x00000000e7400000, 0x00000000e7500000|  0%| F|  |TAMS 0x00000000e7400000, 0x00000000e7400000| Untracked 
| 117|0x00000000e7500000, 0x00000000e7500000, 0x00000000e7600000|  0%| F|  |TAMS 0x00000000e7500000, 0x00000000e7500000| Untracked 
| 118|0x00000000e7600000, 0x00000000e7600000, 0x00000000e7700000|  0%| F|  |TAMS 0x00000000e7600000, 0x00000000e7600000| Untracked 
| 119|0x00000000e7700000, 0x00000000e7700000, 0x00000000e7800000|  0%| F|  |TAMS 0x00000000e7700000, 0x00000000e7700000| Untracked 
| 120|0x00000000e7800000, 0x00000000e7800000, 0x00000000e7900000|  0%| F|  |TAMS 0x00000000e7800000, 0x00000000e7800000| Untracked 
| 121|0x00000000e7900000, 0x00000000e7900000, 0x00000000e7a00000|  0%| F|  |TAMS 0x00000000e7900000, 0x00000000e7900000| Untracked 
| 122|0x00000000e7a00000, 0x00000000e7a00000, 0x00000000e7b00000|  0%| F|  |TAMS 0x00000000e7a00000, 0x00000000e7a00000| Untracked 
| 123|0x00000000e7b00000, 0x00000000e7b00000, 0x00000000e7c00000|  0%| F|  |TAMS 0x00000000e7b00000, 0x00000000e7b00000| Untracked 
| 124|0x00000000e7c00000, 0x00000000e7c00000, 0x00000000e7d00000|  0%| F|  |TAMS 0x00000000e7c00000, 0x00000000e7c00000| Untracked 
| 125|0x00000000e7d00000, 0x00000000e7d00000, 0x00000000e7e00000|  0%| F|  |TAMS 0x00000000e7d00000, 0x00000000e7d00000| Untracked 
| 126|0x00000000e7e00000, 0x00000000e7e00000, 0x00000000e7f00000|  0%| F|  |TAMS 0x00000000e7e00000, 0x00000000e7e00000| Untracked 
| 127|0x00000000e7f00000, 0x00000000e7f00000, 0x00000000e8000000|  0%| F|  |TAMS 0x00000000e7f00000, 0x00000000e7f00000| Untracked 
| 128|0x00000000e8000000, 0x00000000e8000000, 0x00000000e8100000|  0%| F|  |TAMS 0x00000000e8000000, 0x00000000e8000000| Untracked 
| 129|0x00000000e8100000, 0x00000000e8100000, 0x00000000e8200000|  0%| F|  |TAMS 0x00000000e8100000, 0x00000000e8100000| Untracked 
| 130|0x00000000e8200000, 0x00000000e8200000, 0x00000000e8300000|  0%| F|  |TAMS 0x00000000e8200000, 0x00000000e8200000| Untracked 
| 131|0x00000000e8300000, 0x00000000e8300000, 0x00000000e8400000|  0%| F|  |TAMS 0x00000000e8300000, 0x00000000e8300000| Untracked 
| 132|0x00000000e8400000, 0x00000000e8400000, 0x00000000e8500000|  0%| F|  |TAMS 0x00000000e8400000, 0x00000000e8400000| Untracked 
| 133|0x00000000e8500000, 0x00000000e8500000, 0x00000000e8600000|  0%| F|  |TAMS 0x00000000e8500000, 0x00000000e8500000| Untracked 
| 134|0x00000000e8600000, 0x00000000e8600000, 0x00000000e8700000|  0%| F|  |TAMS 0x00000000e8600000, 0x00000000e8600000| Untracked 
| 135|0x00000000e8700000, 0x00000000e8700000, 0x00000000e8800000|  0%| F|  |TAMS 0x00000000e8700000, 0x00000000e8700000| Untracked 
| 136|0x00000000e8800000, 0x00000000e8800000, 0x00000000e8900000|  0%| F|  |TAMS 0x00000000e8800000, 0x00000000e8800000| Untracked 
| 137|0x00000000e8900000, 0x00000000e8900000, 0x00000000e8a00000|  0%| F|  |TAMS 0x00000000e8900000, 0x00000000e8900000| Untracked 
| 138|0x00000000e8a00000, 0x00000000e8a00000, 0x00000000e8b00000|  0%| F|  |TAMS 0x00000000e8a00000, 0x00000000e8a00000| Untracked 
| 139|0x00000000e8b00000, 0x00000000e8b00000, 0x00000000e8c00000|  0%| F|  |TAMS 0x00000000e8b00000, 0x00000000e8b00000| Untracked 
| 140|0x00000000e8c00000, 0x00000000e8c30d18, 0x00000000e8d00000| 19%| S|CS|TAMS 0x00000000e8c00000, 0x00000000e8c00000| Complete 
| 141|0x00000000e8d00000, 0x00000000e8e00000, 0x00000000e8e00000|100%| S|CS|TAMS 0x00000000e8d00000, 0x00000000e8d00000| Complete 
| 142|0x00000000e8e00000, 0x00000000e8f00000, 0x00000000e8f00000|100%| S|CS|TAMS 0x00000000e8e00000, 0x00000000e8e00000| Complete 
| 143|0x00000000e8f00000, 0x00000000e9000000, 0x00000000e9000000|100%| S|CS|TAMS 0x00000000e8f00000, 0x00000000e8f00000| Complete 
| 144|0x00000000e9000000, 0x00000000e9100000, 0x00000000e9100000|100%| S|CS|TAMS 0x00000000e9000000, 0x00000000e9000000| Complete 
| 145|0x00000000e9100000, 0x00000000e9200000, 0x00000000e9200000|100%| S|CS|TAMS 0x00000000e9100000, 0x00000000e9100000| Complete 
| 146|0x00000000e9200000, 0x00000000e9300000, 0x00000000e9300000|100%| S|CS|TAMS 0x00000000e9200000, 0x00000000e9200000| Complete 
| 147|0x00000000e9300000, 0x00000000e9400000, 0x00000000e9400000|100%| S|CS|TAMS 0x00000000e9300000, 0x00000000e9300000| Complete 
| 148|0x00000000e9400000, 0x00000000e9500000, 0x00000000e9500000|100%| S|CS|TAMS 0x00000000e9400000, 0x00000000e9400000| Complete 
| 149|0x00000000e9500000, 0x00000000e9600000, 0x00000000e9600000|100%| S|CS|TAMS 0x00000000e9500000, 0x00000000e9500000| Complete 
| 150|0x00000000e9600000, 0x00000000e9700000, 0x00000000e9700000|100%| S|CS|TAMS 0x00000000e9600000, 0x00000000e9600000| Complete 
| 151|0x00000000e9700000, 0x00000000e9800000, 0x00000000e9800000|100%| S|CS|TAMS 0x00000000e9700000, 0x00000000e9700000| Complete 
| 152|0x00000000e9800000, 0x00000000e9800000, 0x00000000e9900000|  0%| F|  |TAMS 0x00000000e9800000, 0x00000000e9800000| Untracked 
| 153|0x00000000e9900000, 0x00000000e9900000, 0x00000000e9a00000|  0%| F|  |TAMS 0x00000000e9900000, 0x00000000e9900000| Untracked 
| 154|0x00000000e9a00000, 0x00000000e9a00000, 0x00000000e9b00000|  0%| F|  |TAMS 0x00000000e9a00000, 0x00000000e9a00000| Untracked 
| 155|0x00000000e9b00000, 0x00000000e9b00000, 0x00000000e9c00000|  0%| F|  |TAMS 0x00000000e9b00000, 0x00000000e9b00000| Untracked 
| 156|0x00000000e9c00000, 0x00000000e9c00000, 0x00000000e9d00000|  0%| F|  |TAMS 0x00000000e9c00000, 0x00000000e9c00000| Untracked 
| 157|0x00000000e9d00000, 0x00000000e9d00000, 0x00000000e9e00000|  0%| F|  |TAMS 0x00000000e9d00000, 0x00000000e9d00000| Untracked 
| 158|0x00000000e9e00000, 0x00000000e9e00000, 0x00000000e9f00000|  0%| F|  |TAMS 0x00000000e9e00000, 0x00000000e9e00000| Untracked 
| 159|0x00000000e9f00000, 0x00000000e9f00000, 0x00000000ea000000|  0%| F|  |TAMS 0x00000000e9f00000, 0x00000000e9f00000| Untracked 
| 160|0x00000000ea000000, 0x00000000ea000000, 0x00000000ea100000|  0%| F|  |TAMS 0x00000000ea000000, 0x00000000ea000000| Untracked 
| 161|0x00000000ea100000, 0x00000000ea100000, 0x00000000ea200000|  0%| F|  |TAMS 0x00000000ea100000, 0x00000000ea100000| Untracked 
| 162|0x00000000ea200000, 0x00000000ea200000, 0x00000000ea300000|  0%| F|  |TAMS 0x00000000ea200000, 0x00000000ea200000| Untracked 
| 163|0x00000000ea300000, 0x00000000ea300000, 0x00000000ea400000|  0%| F|  |TAMS 0x00000000ea300000, 0x00000000ea300000| Untracked 
| 164|0x00000000ea400000, 0x00000000ea400000, 0x00000000ea500000|  0%| F|  |TAMS 0x00000000ea400000, 0x00000000ea400000| Untracked 
| 165|0x00000000ea500000, 0x00000000ea500000, 0x00000000ea600000|  0%| F|  |TAMS 0x00000000ea500000, 0x00000000ea500000| Untracked 
| 166|0x00000000ea600000, 0x00000000ea600000, 0x00000000ea700000|  0%| F|  |TAMS 0x00000000ea600000, 0x00000000ea600000| Untracked 
| 167|0x00000000ea700000, 0x00000000ea700000, 0x00000000ea800000|  0%| F|  |TAMS 0x00000000ea700000, 0x00000000ea700000| Untracked 
| 168|0x00000000ea800000, 0x00000000ea800000, 0x00000000ea900000|  0%| F|  |TAMS 0x00000000ea800000, 0x00000000ea800000| Untracked 
| 169|0x00000000ea900000, 0x00000000ea900000, 0x00000000eaa00000|  0%| F|  |TAMS 0x00000000ea900000, 0x00000000ea900000| Untracked 
| 170|0x00000000eaa00000, 0x00000000eaa00000, 0x00000000eab00000|  0%| F|  |TAMS 0x00000000eaa00000, 0x00000000eaa00000| Untracked 
| 171|0x00000000eab00000, 0x00000000eab00000, 0x00000000eac00000|  0%| F|  |TAMS 0x00000000eab00000, 0x00000000eab00000| Untracked 
| 172|0x00000000eac00000, 0x00000000eac00000, 0x00000000ead00000|  0%| F|  |TAMS 0x00000000eac00000, 0x00000000eac00000| Untracked 
| 173|0x00000000ead00000, 0x00000000ead00000, 0x00000000eae00000|  0%| F|  |TAMS 0x00000000ead00000, 0x00000000ead00000| Untracked 
| 174|0x00000000eae00000, 0x00000000eae00000, 0x00000000eaf00000|  0%| F|  |TAMS 0x00000000eae00000, 0x00000000eae00000| Untracked 
| 175|0x00000000eaf00000, 0x00000000eaf00000, 0x00000000eb000000|  0%| F|  |TAMS 0x00000000eaf00000, 0x00000000eaf00000| Untracked 
| 176|0x00000000eb000000, 0x00000000eb000000, 0x00000000eb100000|  0%| F|  |TAMS 0x00000000eb000000, 0x00000000eb000000| Untracked 
| 177|0x00000000eb100000, 0x00000000eb100000, 0x00000000eb200000|  0%| F|  |TAMS 0x00000000eb100000, 0x00000000eb100000| Untracked 
| 178|0x00000000eb200000, 0x00000000eb200000, 0x00000000eb300000|  0%| F|  |TAMS 0x00000000eb200000, 0x00000000eb200000| Untracked 
| 179|0x00000000eb300000, 0x00000000eb300000, 0x00000000eb400000|  0%| F|  |TAMS 0x00000000eb300000, 0x00000000eb300000| Untracked 
| 180|0x00000000eb400000, 0x00000000eb400000, 0x00000000eb500000|  0%| F|  |TAMS 0x00000000eb400000, 0x00000000eb400000| Untracked 
| 181|0x00000000eb500000, 0x00000000eb500000, 0x00000000eb600000|  0%| F|  |TAMS 0x00000000eb500000, 0x00000000eb500000| Untracked 
| 182|0x00000000eb600000, 0x00000000eb600000, 0x00000000eb700000|  0%| F|  |TAMS 0x00000000eb600000, 0x00000000eb600000| Untracked 
| 183|0x00000000eb700000, 0x00000000eb700000, 0x00000000eb800000|  0%| F|  |TAMS 0x00000000eb700000, 0x00000000eb700000| Untracked 
| 184|0x00000000eb800000, 0x00000000eb800000, 0x00000000eb900000|  0%| F|  |TAMS 0x00000000eb800000, 0x00000000eb800000| Untracked 
| 185|0x00000000eb900000, 0x00000000eb900000, 0x00000000eba00000|  0%| F|  |TAMS 0x00000000eb900000, 0x00000000eb900000| Untracked 
| 186|0x00000000eba00000, 0x00000000eba00000, 0x00000000ebb00000|  0%| F|  |TAMS 0x00000000eba00000, 0x00000000eba00000| Untracked 
| 187|0x00000000ebb00000, 0x00000000ebb00000, 0x00000000ebc00000|  0%| F|  |TAMS 0x00000000ebb00000, 0x00000000ebb00000| Untracked 
| 188|0x00000000ebc00000, 0x00000000ebc00000, 0x00000000ebd00000|  0%| F|  |TAMS 0x00000000ebc00000, 0x00000000ebc00000| Untracked 
| 189|0x00000000ebd00000, 0x00000000ebd00000, 0x00000000ebe00000|  0%| F|  |TAMS 0x00000000ebd00000, 0x00000000ebd00000| Untracked 
| 190|0x00000000ebe00000, 0x00000000ebe00000, 0x00000000ebf00000|  0%| F|  |TAMS 0x00000000ebe00000, 0x00000000ebe00000| Untracked 
| 191|0x00000000ebf00000, 0x00000000ebf00000, 0x00000000ec000000|  0%| F|  |TAMS 0x00000000ebf00000, 0x00000000ebf00000| Untracked 
| 192|0x00000000ec000000, 0x00000000ec000000, 0x00000000ec100000|  0%| F|  |TAMS 0x00000000ec000000, 0x00000000ec000000| Untracked 
| 193|0x00000000ec100000, 0x00000000ec100000, 0x00000000ec200000|  0%| F|  |TAMS 0x00000000ec100000, 0x00000000ec100000| Untracked 
| 194|0x00000000ec200000, 0x00000000ec200000, 0x00000000ec300000|  0%| F|  |TAMS 0x00000000ec200000, 0x00000000ec200000| Untracked 
| 195|0x00000000ec300000, 0x00000000ec300000, 0x00000000ec400000|  0%| F|  |TAMS 0x00000000ec300000, 0x00000000ec300000| Untracked 
| 196|0x00000000ec400000, 0x00000000ec400000, 0x00000000ec500000|  0%| F|  |TAMS 0x00000000ec400000, 0x00000000ec400000| Untracked 
| 197|0x00000000ec500000, 0x00000000ec500000, 0x00000000ec600000|  0%| F|  |TAMS 0x00000000ec500000, 0x00000000ec500000| Untracked 
| 198|0x00000000ec600000, 0x00000000ec600000, 0x00000000ec700000|  0%| F|  |TAMS 0x00000000ec600000, 0x00000000ec600000| Untracked 
| 199|0x00000000ec700000, 0x00000000ec700000, 0x00000000ec800000|  0%| F|  |TAMS 0x00000000ec700000, 0x00000000ec700000| Untracked 
| 200|0x00000000ec800000, 0x00000000ec800000, 0x00000000ec900000|  0%| F|  |TAMS 0x00000000ec800000, 0x00000000ec800000| Untracked 
| 201|0x00000000ec900000, 0x00000000ec900000, 0x00000000eca00000|  0%| F|  |TAMS 0x00000000ec900000, 0x00000000ec900000| Untracked 
| 202|0x00000000eca00000, 0x00000000eca00000, 0x00000000ecb00000|  0%| F|  |TAMS 0x00000000eca00000, 0x00000000eca00000| Untracked 
| 203|0x00000000ecb00000, 0x00000000ecb00000, 0x00000000ecc00000|  0%| F|  |TAMS 0x00000000ecb00000, 0x00000000ecb00000| Untracked 
| 204|0x00000000ecc00000, 0x00000000ecc00000, 0x00000000ecd00000|  0%| F|  |TAMS 0x00000000ecc00000, 0x00000000ecc00000| Untracked 
| 205|0x00000000ecd00000, 0x00000000ecd00000, 0x00000000ece00000|  0%| F|  |TAMS 0x00000000ecd00000, 0x00000000ecd00000| Untracked 
| 206|0x00000000ece00000, 0x00000000ece00000, 0x00000000ecf00000|  0%| F|  |TAMS 0x00000000ece00000, 0x00000000ece00000| Untracked 
| 207|0x00000000ecf00000, 0x00000000ecf00000, 0x00000000ed000000|  0%| F|  |TAMS 0x00000000ecf00000, 0x00000000ecf00000| Untracked 
| 208|0x00000000ed000000, 0x00000000ed000000, 0x00000000ed100000|  0%| F|  |TAMS 0x00000000ed000000, 0x00000000ed000000| Untracked 
| 209|0x00000000ed100000, 0x00000000ed100000, 0x00000000ed200000|  0%| F|  |TAMS 0x00000000ed100000, 0x00000000ed100000| Untracked 
| 210|0x00000000ed200000, 0x00000000ed200000, 0x00000000ed300000|  0%| F|  |TAMS 0x00000000ed200000, 0x00000000ed200000| Untracked 
| 211|0x00000000ed300000, 0x00000000ed300000, 0x00000000ed400000|  0%| F|  |TAMS 0x00000000ed300000, 0x00000000ed300000| Untracked 
| 212|0x00000000ed400000, 0x00000000ed400000, 0x00000000ed500000|  0%| F|  |TAMS 0x00000000ed400000, 0x00000000ed400000| Untracked 
| 213|0x00000000ed500000, 0x00000000ed500000, 0x00000000ed600000|  0%| F|  |TAMS 0x00000000ed500000, 0x00000000ed500000| Untracked 
| 214|0x00000000ed600000, 0x00000000ed600000, 0x00000000ed700000|  0%| F|  |TAMS 0x00000000ed600000, 0x00000000ed600000| Untracked 
| 215|0x00000000ed700000, 0x00000000ed700000, 0x00000000ed800000|  0%| F|  |TAMS 0x00000000ed700000, 0x00000000ed700000| Untracked 
| 216|0x00000000ed800000, 0x00000000ed800000, 0x00000000ed900000|  0%| F|  |TAMS 0x00000000ed800000, 0x00000000ed800000| Untracked 
| 217|0x00000000ed900000, 0x00000000ed900000, 0x00000000eda00000|  0%| F|  |TAMS 0x00000000ed900000, 0x00000000ed900000| Untracked 
| 218|0x00000000eda00000, 0x00000000eda00000, 0x00000000edb00000|  0%| F|  |TAMS 0x00000000eda00000, 0x00000000eda00000| Untracked 
| 219|0x00000000edb00000, 0x00000000edb00000, 0x00000000edc00000|  0%| F|  |TAMS 0x00000000edb00000, 0x00000000edb00000| Untracked 
| 220|0x00000000edc00000, 0x00000000edc00000, 0x00000000edd00000|  0%| F|  |TAMS 0x00000000edc00000, 0x00000000edc00000| Untracked 
| 221|0x00000000edd00000, 0x00000000edd00000, 0x00000000ede00000|  0%| F|  |TAMS 0x00000000edd00000, 0x00000000edd00000| Untracked 
| 222|0x00000000ede00000, 0x00000000ede00000, 0x00000000edf00000|  0%| F|  |TAMS 0x00000000ede00000, 0x00000000ede00000| Untracked 
| 223|0x00000000edf00000, 0x00000000edf00000, 0x00000000ee000000|  0%| F|  |TAMS 0x00000000edf00000, 0x00000000edf00000| Untracked 
| 224|0x00000000ee000000, 0x00000000ee000000, 0x00000000ee100000|  0%| F|  |TAMS 0x00000000ee000000, 0x00000000ee000000| Untracked 
| 225|0x00000000ee100000, 0x00000000ee100000, 0x00000000ee200000|  0%| F|  |TAMS 0x00000000ee100000, 0x00000000ee100000| Untracked 
| 226|0x00000000ee200000, 0x00000000ee200000, 0x00000000ee300000|  0%| F|  |TAMS 0x00000000ee200000, 0x00000000ee200000| Untracked 
| 227|0x00000000ee300000, 0x00000000ee300000, 0x00000000ee400000|  0%| F|  |TAMS 0x00000000ee300000, 0x00000000ee300000| Untracked 
| 228|0x00000000ee400000, 0x00000000ee400000, 0x00000000ee500000|  0%| F|  |TAMS 0x00000000ee400000, 0x00000000ee400000| Untracked 
| 229|0x00000000ee500000, 0x00000000ee500000, 0x00000000ee600000|  0%| F|  |TAMS 0x00000000ee500000, 0x00000000ee500000| Untracked 
| 230|0x00000000ee600000, 0x00000000ee600000, 0x00000000ee700000|  0%| F|  |TAMS 0x00000000ee600000, 0x00000000ee600000| Untracked 
| 231|0x00000000ee700000, 0x00000000ee700000, 0x00000000ee800000|  0%| F|  |TAMS 0x00000000ee700000, 0x00000000ee700000| Untracked 
| 232|0x00000000ee800000, 0x00000000ee800000, 0x00000000ee900000|  0%| F|  |TAMS 0x00000000ee800000, 0x00000000ee800000| Untracked 
| 233|0x00000000ee900000, 0x00000000ee900000, 0x00000000eea00000|  0%| F|  |TAMS 0x00000000ee900000, 0x00000000ee900000| Untracked 
| 234|0x00000000eea00000, 0x00000000eea00000, 0x00000000eeb00000|  0%| F|  |TAMS 0x00000000eea00000, 0x00000000eea00000| Untracked 
| 235|0x00000000eeb00000, 0x00000000eeb00000, 0x00000000eec00000|  0%| F|  |TAMS 0x00000000eeb00000, 0x00000000eeb00000| Untracked 
| 236|0x00000000eec00000, 0x00000000eec00000, 0x00000000eed00000|  0%| F|  |TAMS 0x00000000eec00000, 0x00000000eec00000| Untracked 
| 237|0x00000000eed00000, 0x00000000eed00000, 0x00000000eee00000|  0%| F|  |TAMS 0x00000000eed00000, 0x00000000eed00000| Untracked 
| 238|0x00000000eee00000, 0x00000000eee00000, 0x00000000eef00000|  0%| F|  |TAMS 0x00000000eee00000, 0x00000000eee00000| Untracked 
| 239|0x00000000eef00000, 0x00000000eef00000, 0x00000000ef000000|  0%| F|  |TAMS 0x00000000eef00000, 0x00000000eef00000| Untracked 
| 240|0x00000000ef000000, 0x00000000ef000000, 0x00000000ef100000|  0%| F|  |TAMS 0x00000000ef000000, 0x00000000ef000000| Untracked 
| 241|0x00000000ef100000, 0x00000000ef100000, 0x00000000ef200000|  0%| F|  |TAMS 0x00000000ef100000, 0x00000000ef100000| Untracked 
| 242|0x00000000ef200000, 0x00000000ef200000, 0x00000000ef300000|  0%| F|  |TAMS 0x00000000ef200000, 0x00000000ef200000| Untracked 
| 243|0x00000000ef300000, 0x00000000ef400000, 0x00000000ef400000|100%| E|  |TAMS 0x00000000ef300000, 0x00000000ef300000| Complete 
| 244|0x00000000ef400000, 0x00000000ef500000, 0x00000000ef500000|100%| E|CS|TAMS 0x00000000ef400000, 0x00000000ef400000| Complete 
| 245|0x00000000ef500000, 0x00000000ef600000, 0x00000000ef600000|100%| E|CS|TAMS 0x00000000ef500000, 0x00000000ef500000| Complete 
| 246|0x00000000ef600000, 0x00000000ef700000, 0x00000000ef700000|100%| E|CS|TAMS 0x00000000ef600000, 0x00000000ef600000| Complete 
| 247|0x00000000ef700000, 0x00000000ef800000, 0x00000000ef800000|100%| E|CS|TAMS 0x00000000ef700000, 0x00000000ef700000| Complete 
| 248|0x00000000ef800000, 0x00000000ef900000, 0x00000000ef900000|100%| E|CS|TAMS 0x00000000ef800000, 0x00000000ef800000| Complete 
| 249|0x00000000ef900000, 0x00000000efa00000, 0x00000000efa00000|100%| E|CS|TAMS 0x00000000ef900000, 0x00000000ef900000| Complete 
| 250|0x00000000efa00000, 0x00000000efb00000, 0x00000000efb00000|100%| E|CS|TAMS 0x00000000efa00000, 0x00000000efa00000| Complete 
| 251|0x00000000efb00000, 0x00000000efc00000, 0x00000000efc00000|100%| E|CS|TAMS 0x00000000efb00000, 0x00000000efb00000| Complete 
| 252|0x00000000efc00000, 0x00000000efd00000, 0x00000000efd00000|100%| E|CS|TAMS 0x00000000efc00000, 0x00000000efc00000| Complete 
| 253|0x00000000efd00000, 0x00000000efe00000, 0x00000000efe00000|100%| E|CS|TAMS 0x00000000efd00000, 0x00000000efd00000| Complete 
| 254|0x00000000efe00000, 0x00000000eff00000, 0x00000000eff00000|100%| E|CS|TAMS 0x00000000efe00000, 0x00000000efe00000| Complete 
| 255|0x00000000eff00000, 0x00000000f0000000, 0x00000000f0000000|100%| E|CS|TAMS 0x00000000eff00000, 0x00000000eff00000| Complete 

Card table byte_map: [0x000002652d3f0000,0x000002652d4f0000] _byte_map_base: 0x000002652ccf0000

Marking Bits (Prev, Next): (CMBitMap*) 0x0000026516b70e20, (CMBitMap*) 0x0000026516b70de0
 Prev Bits: [0x000002652ddf0000, 0x000002652e5f0000)
 Next Bits: [0x000002652d5f0000, 0x000002652ddf0000)

Polling page: 0x00000265149e0000

Metaspace:

Usage:
  Non-class:     19.49 MB used.
      Class:      3.36 MB used.
       Both:     22.86 MB used.

Virtual space:
  Non-class space:       64.00 MB reserved,      19.69 MB ( 31%) committed,  1 nodes.
      Class space:      208.00 MB reserved,       3.50 MB (  2%) committed,  1 nodes.
             Both:      272.00 MB reserved,      23.19 MB (  9%) committed. 

Chunk freelists:
   Non-Class:  12.04 MB
       Class:  12.48 MB
        Both:  24.53 MB

MaxMetaspaceSize: 256.00 MB
CompressedClassSpaceSize: 208.00 MB
Initial GC threshold: 21.00 MB
Current GC threshold: 35.25 MB
CDS: on
MetaspaceReclaimPolicy: balanced
 - commit_granule_bytes: 65536.
 - commit_granule_words: 8192.
 - virtual_space_node_default_size: 8388608.
 - enlarge_chunks_in_place: 1.
 - new_chunks_are_fully_committed: 0.
 - uncommit_free_chunks: 1.
 - use_allocation_guard: 0.
 - handle_deallocations: 1.


Internal statistics:

num_allocs_failed_limit: 3.
num_arena_births: 246.
num_arena_deaths: 0.
num_vsnodes_births: 2.
num_vsnodes_deaths: 0.
num_space_committed: 371.
num_space_uncommitted: 0.
num_chunks_returned_to_freelist: 3.
num_chunks_taken_from_freelist: 1078.
num_chunk_merges: 3.
num_chunk_splits: 741.
num_chunks_enlarged: 535.
num_inconsistent_stats: 0.

CodeHeap 'non-profiled nmethods': size=120000Kb used=1272Kb max_used=1272Kb free=118727Kb
 bounds [0x0000026525ec0000, 0x0000026526130000, 0x000002652d3f0000]
CodeHeap 'profiled nmethods': size=120000Kb used=6034Kb max_used=6034Kb free=113966Kb
 bounds [0x000002651e3f0000, 0x000002651e9e0000, 0x0000026525920000]
CodeHeap 'non-nmethods': size=5760Kb used=1236Kb max_used=1303Kb free=4523Kb
 bounds [0x0000026525920000, 0x0000026525b90000, 0x0000026525ec0000]
 total_blobs=3361 nmethods=2819 adapters=453
 compilation: enabled
              stopped_count=0, restarted_count=0
 full_count=0

Compilation events (20 events):
Event: 8.685 Thread 0x0000026530bd9390 nmethod 2716 0x000002651e9a7190 code [0x000002651e9a7380, 0x000002651e9a7788]
Event: 8.685 Thread 0x0000026530bd9390 2718       3       java.lang.Class::getMethod (59 bytes)
Event: 8.687 Thread 0x0000026530bd9390 nmethod 2718 0x000002651e9a7910 code [0x000002651e9a7bc0, 0x000002651e9a87e8]
Event: 8.687 Thread 0x0000026530bd9390 2719       3       java.lang.Class::getMethod0 (31 bytes)
Event: 8.687 Thread 0x0000026530bd9390 nmethod 2719 0x000002651e9a8c90 code [0x000002651e9a8e40, 0x000002651e9a9078]
Event: 8.687 Thread 0x0000026530bd9390 2720       1       org.codehaus.groovy.util.ReferenceManager::getReferenceQueue (5 bytes)
Event: 8.688 Thread 0x0000026530bd9390 nmethod 2720 0x0000026525ffa490 code [0x0000026525ffa620, 0x0000026525ffa6f8]
Event: 8.688 Thread 0x0000026530bd9390 2721       1       org.codehaus.groovy.util.ReferenceBundle::getType (5 bytes)
Event: 8.688 Thread 0x0000026530bd9390 nmethod 2721 0x0000026525ffa790 code [0x0000026525ffa920, 0x0000026525ffa9f8]
Event: 8.688 Thread 0x0000026530bd9390 2722       1       org.codehaus.groovy.util.ReferenceBundle::getManager (5 bytes)
Event: 8.688 Thread 0x0000026530bd9390 nmethod 2722 0x0000026525ffaa90 code [0x0000026525ffac20, 0x0000026525ffacf8]
Event: 8.688 Thread 0x0000026530bd9390 2723       3       java.lang.invoke.InvokerBytecodeGenerator::refKindOpcode (112 bytes)
Event: 8.689 Thread 0x0000026530bd9390 nmethod 2723 0x000002651e9a9190 code [0x000002651e9a9400, 0x000002651e9a9cb8]
Event: 8.690 Thread 0x0000026530bd9390 2724       3       java.lang.invoke.LambdaFormBuffer::changeName (149 bytes)
Event: 8.690 Thread 0x0000026530bd9390 nmethod 2724 0x000002651e9a9f10 code [0x000002651e9aa0e0, 0x000002651e9aa628]
Event: 8.691 Thread 0x0000026530bd9390 2725       3       java.lang.reflect.Array::newInstance (6 bytes)
Event: 8.692 Thread 0x0000026530bd9390 nmethod 2725 0x000002651e9aa810 code [0x000002651e9aa9a0, 0x000002651e9aaaa8]
Event: 8.726 Thread 0x0000026530bd9390 2727       3       java.lang.invoke.MethodHandles$Lookup::ensureDefineClassPermission (38 bytes)
Event: 8.727 Thread 0x0000026530bd9390 nmethod 2727 0x000002651e9aab90 code [0x000002651e9aada0, 0x000002651e9ab4b8]
Event: 8.727 Thread 0x0000026530bd9390 2728   !   3       java.lang.invoke.MethodHandles$Lookup$ClassFile::newInstance (370 bytes)

GC Heap History (8 events):
Event: 0.788 GC heap before
{Heap before GC invocations=0 (full 0):
 garbage-first heap   total 262144K, used 15360K [0x00000000e0000000, 0x0000000100000000)
  region size 1024K, 13 young (13312K), 0 survivors (0K)
 Metaspace       used 947K, committed 1088K, reserved 278528K
  class space    used 73K, committed 128K, reserved 212992K
}
Event: 0.793 GC heap after
{Heap after GC invocations=1 (full 0):
 garbage-first heap   total 262144K, used 4606K [0x00000000e0000000, 0x0000000100000000)
  region size 1024K, 2 young (2048K), 2 survivors (2048K)
 Metaspace       used 947K, committed 1088K, reserved 278528K
  class space    used 73K, committed 128K, reserved 212992K
}
Event: 1.946 GC heap before
{Heap before GC invocations=1 (full 0):
 garbage-first heap   total 262144K, used 20990K [0x00000000e0000000, 0x0000000100000000)
  region size 1024K, 16 young (16384K), 2 survivors (2048K)
 Metaspace       used 3765K, committed 3968K, reserved 278528K
  class space    used 472K, committed 576K, reserved 212992K
}
Event: 1.952 GC heap after
{Heap after GC invocations=2 (full 0):
 garbage-first heap   total 262144K, used 10040K [0x00000000e0000000, 0x0000000100000000)
  region size 1024K, 2 young (2048K), 2 survivors (2048K)
 Metaspace       used 3765K, committed 3968K, reserved 278528K
  class space    used 472K, committed 576K, reserved 212992K
}
Event: 2.860 GC heap before
{Heap before GC invocations=2 (full 0):
 garbage-first heap   total 262144K, used 30520K [0x00000000e0000000, 0x0000000100000000)
  region size 1024K, 22 young (22528K), 2 survivors (2048K)
 Metaspace       used 3882K, committed 4096K, reserved 278528K
  class space    used 473K, committed 576K, reserved 212992K
}
Event: 2.864 GC heap after
{Heap after GC invocations=3 (full 0):
 garbage-first heap   total 262144K, used 12283K [0x00000000e0000000, 0x0000000100000000)
  region size 1024K, 3 young (3072K), 3 survivors (3072K)
 Metaspace       used 3882K, committed 4096K, reserved 278528K
  class space    used 473K, committed 576K, reserved 212992K
}
Event: 8.262 GC heap before
{Heap before GC invocations=3 (full 0):
 garbage-first heap   total 262144K, used 114683K [0x00000000e0000000, 0x0000000100000000)
  region size 1024K, 104 young (106496K), 3 survivors (3072K)
 Metaspace       used 21261K, committed 21504K, reserved 278528K
  class space    used 3121K, committed 3264K, reserved 212992K
}
Event: 8.281 GC heap after
{Heap after GC invocations=4 (full 0):
 garbage-first heap   total 262144K, used 21302K [0x00000000e0000000, 0x0000000100000000)
  region size 1024K, 12 young (12288K), 12 survivors (12288K)
 Metaspace       used 21261K, committed 21504K, reserved 278528K
  class space    used 3121K, committed 3264K, reserved 212992K
}

Deoptimization events (20 events):
Event: 6.334 Thread 0x00000265441b2cf0 DEOPT PACKING pc=0x0000026525f50f48 sp=0x000000c3191fae90
Event: 6.334 Thread 0x00000265441b2cf0 DEOPT UNPACKING pc=0x00000265259723a3 sp=0x000000c3191fae08 mode 2
Event: 7.011 Thread 0x00000265441b2cf0 Uncommon trap: trap_request=0xffffff76 fr.pc=0x0000026525fc9418 relative=0x0000000000000178
Event: 7.011 Thread 0x00000265441b2cf0 Uncommon trap: reason=predicate action=maybe_recompile pc=0x0000026525fc9418 method=com.google.common.base.CharMatcher.indexIn(Ljava/lang/CharSequence;I)I @ 19 c2
Event: 7.011 Thread 0x00000265441b2cf0 DEOPT PACKING pc=0x0000026525fc9418 sp=0x000000c3191fb540
Event: 7.011 Thread 0x00000265441b2cf0 DEOPT UNPACKING pc=0x00000265259723a3 sp=0x000000c3191fb4d0 mode 2
Event: 7.169 Thread 0x00000265441b2cf0 Uncommon trap: trap_request=0xffffff45 fr.pc=0x0000026525eddacc relative=0x000000000000004c
Event: 7.169 Thread 0x00000265441b2cf0 Uncommon trap: reason=unstable_if action=reinterpret pc=0x0000026525eddacc method=java.net.URI.match(CJJ)Z @ 19 c2
Event: 7.170 Thread 0x00000265441b2cf0 DEOPT PACKING pc=0x0000026525eddacc sp=0x000000c3191fa960
Event: 7.170 Thread 0x00000265441b2cf0 DEOPT UNPACKING pc=0x00000265259723a3 sp=0x000000c3191fa8e8 mode 2
Event: 7.170 Thread 0x00000265441b2cf0 Uncommon trap: trap_request=0xffffff45 fr.pc=0x0000026525f13128 relative=0x0000000000000208
Event: 7.170 Thread 0x00000265441b2cf0 Uncommon trap: reason=unstable_if action=reinterpret pc=0x0000026525f13128 method=java.net.URI.match(CJJ)Z @ 19 c2
Event: 7.170 Thread 0x00000265441b2cf0 DEOPT PACKING pc=0x0000026525f13128 sp=0x000000c3191fa8d0
Event: 7.170 Thread 0x00000265441b2cf0 DEOPT UNPACKING pc=0x00000265259723a3 sp=0x000000c3191fa7d0 mode 2
Event: 7.576 Thread 0x00000265441b2cf0 DEOPT PACKING pc=0x000002651e76f9dc sp=0x000000c3191f46d0
Event: 7.576 Thread 0x00000265441b2cf0 DEOPT UNPACKING pc=0x0000026525972b43 sp=0x000000c3191f3c50 mode 0
Event: 7.811 Thread 0x00000265441b2cf0 Uncommon trap: trap_request=0xffffff45 fr.pc=0x0000026525f09f0c relative=0x00000000000004cc
Event: 7.811 Thread 0x00000265441b2cf0 Uncommon trap: reason=unstable_if action=reinterpret pc=0x0000026525f09f0c method=java.util.HashMap.hash(Ljava/lang/Object;)I @ 1 c2
Event: 7.811 Thread 0x00000265441b2cf0 DEOPT PACKING pc=0x0000026525f09f0c sp=0x000000c3191f8980
Event: 7.812 Thread 0x00000265441b2cf0 DEOPT UNPACKING pc=0x00000265259723a3 sp=0x000000c3191f8828 mode 2

Classes unloaded (0 events):
No events

Classes redefined (0 events):
No events

Internal exceptions (20 events):
Event: 7.055 Thread 0x00000265441b2cf0 Exception <a 'java/lang/NoSuchMethodError'{0x00000000eb00d988}: 'void java.lang.invoke.DirectMethodHandle$Holder.invokeStatic(java.lang.Object, java.lang.Object, java.lang.Object, java.lang.Object)'> (0x00000000eb00d988) 
thrown [s\open\src\hotspot\share\interpreter\linkResolver.cpp, line 759]
Event: 7.063 Thread 0x00000265441b2cf0 Exception <a 'java/lang/NoSuchMethodError'{0x00000000eb02e198}: 'java.lang.Object java.lang.invoke.DirectMethodHandle$Holder.invokeVirtual(java.lang.Object, java.lang.Object, java.lang.Object)'> (0x00000000eb02e198) 
thrown [s\open\src\hotspot\share\interpreter\linkResolver.cpp, line 759]
Event: 7.065 Thread 0x00000265441b2cf0 Exception <a 'java/lang/NoSuchMethodError'{0x00000000eb038c70}: 'java.lang.Object java.lang.invoke.DirectMethodHandle$Holder.invokeStaticInit(java.lang.Object, java.lang.Object, java.lang.Object)'> (0x00000000eb038c70) 
thrown [s\open\src\hotspot\share\interpreter\linkResolver.cpp, line 759]
Event: 7.069 Thread 0x00000265441b2cf0 Exception <a 'java/lang/NoSuchMethodError'{0x00000000eb04a898}: 'int java.lang.invoke.DirectMethodHandle$Holder.invokeVirtual(java.lang.Object, java.lang.Object)'> (0x00000000eb04a898) 
thrown [s\open\src\hotspot\share\interpreter\linkResolver.cpp, line 759]
Event: 7.083 Thread 0x00000265441b2cf0 Exception <a 'java/lang/NoSuchMethodError'{0x00000000eb07f588}: 'int java.lang.invoke.DirectMethodHandle$Holder.invokeVirtual(java.lang.Object, java.lang.Object, java.lang.Object)'> (0x00000000eb07f588) 
thrown [s\open\src\hotspot\share\interpreter\linkResolver.cpp, line 759]
Event: 7.482 Thread 0x00000265441b2cf0 Exception <a 'java/lang/NoSuchMethodError'{0x00000000ea923638}: 'java.lang.Object java.lang.invoke.DirectMethodHandle$Holder.invokeSpecialIFC(java.lang.Object, java.lang.Object, java.lang.Object, java.lang.Object)'> (0x00000000ea923638) 
thrown [s\open\src\hotspot\share\interpreter\linkResolver.cpp, line 759]
Event: 7.505 Thread 0x00000265441b2cf0 Exception <a 'java/lang/NoSuchMethodError'{0x00000000ea997ef0}: 'java.lang.Object java.lang.invoke.DirectMethodHandle$Holder.invokeSpecial(java.lang.Object, java.lang.Object, java.lang.Object, java.lang.Object, java.lang.Object, java.lang.Object, java.lang.Object, java.lang.Object, java.lang.Object, java.lang.Object, java.lang.Object, java.lang.Object, java.lang.Object)'> (0x00000000ea997ef0) 
thrown [s\open\src\hotspot\share\interpreter\linkResolver.cpp, line 759]
Event: 7.507 Thread 0x00000265441b2cf0 Exception <a 'java/lang/NoSuchMethodError'{0x00000000ea9a9718}: 'java.lang.Object java.lang.invoke.DirectMethodHandle$Holder.newInvokeSpecial(java.lang.Object, java.lang.Object, java.lang.Object, java.lang.Object, java.lang.Object, java.lang.Object, java.lang.Object, java.lang.Object, java.lang.Object, java.lang.Object, java.lang.Object)'> (0x00000000ea9a9718) 
thrown [s\open\src\hotspot\share\interpreter\linkResolver.cpp, line 759]
Event: 7.509 Thread 0x00000265441b2cf0 Exception <a 'java/lang/NoSuchMethodError'{0x00000000ea9af348}: 'java.lang.Object java.lang.invoke.DirectMethodHandle$Holder.invokeSpecial(java.lang.Object, java.lang.Object, java.lang.Object, java.lang.Object, java.lang.Object, java.lang.Object, java.lang.Object, java.lang.Object, java.lang.Object, java.lang.Object, java.lang.Object, java.lang.Object)'> (0x00000000ea9af348) 
thrown [s\open\src\hotspot\share\interpreter\linkResolver.cpp, line 759]
Event: 7.509 Thread 0x00000265441b2cf0 Exception <a 'java/lang/NoSuchMethodError'{0x00000000ea9b4738}: 'java.lang.Object java.lang.invoke.Invokers$Holder.linkToTargetMethod(java.lang.Object, java.lang.Object, java.lang.Object, java.lang.Object, java.lang.Object, java.lang.Object, java.lang.Object, java.lang.Object, java.lang.Object, java.lang.Object, java.lang.Object)'> (0x00000000ea9b4738) 
thrown [s\open\src\hotspot\share\interpreter\linkResolver.cpp, line 759]
Event: 7.543 Thread 0x00000265441b2cf0 Exception <a 'java/lang/NoSuchMethodError'{0x00000000ea849c00}: 'java.lang.Object java.lang.invoke.DirectMethodHandle$Holder.invokeSpecial(java.lang.Object, java.lang.Object, java.lang.Object, java.lang.Object, java.lang.Object, java.lang.Object, java.lang.Object, java.lang.Object, java.lang.Object, java.lang.Object, java.lang.Object, java.lang.Object, java.lang.Object, java.lang.Object)'> (0x00000000ea849c00) 
thrown [s\open\src\hotspot\share\interpreter\linkResolver.cpp, line 759]
Event: 7.547 Thread 0x00000265441b2cf0 Exception <a 'java/lang/NoSuchMethodError'{0x00000000ea85bfd0}: 'java.lang.Object java.lang.invoke.DirectMethodHandle$Holder.newInvokeSpecial(java.lang.Object, java.lang.Object, java.lang.Object, java.lang.Object, java.lang.Object, java.lang.Object, java.lang.Object, java.lang.Object, java.lang.Object, java.lang.Object, java.lang.Object, java.lang.Object)'> (0x00000000ea85bfd0) 
thrown [s\open\src\hotspot\share\interpreter\linkResolver.cpp, line 759]
Event: 7.548 Thread 0x00000265441b2cf0 Exception <a 'java/lang/NoSuchMethodError'{0x00000000ea8616c0}: 'java.lang.Object java.lang.invoke.Invokers$Holder.linkToTargetMethod(java.lang.Object, java.lang.Object, java.lang.Object, java.lang.Object, java.lang.Object, java.lang.Object, java.lang.Object, java.lang.Object, java.lang.Object, java.lang.Object, java.lang.Object, java.lang.Object)'> (0x00000000ea8616c0) 
thrown [s\open\src\hotspot\share\interpreter\linkResolver.cpp, line 759]
Event: 7.585 Thread 0x00000265441b2cf0 Exception <a 'java/lang/NoSuchMethodError'{0x00000000ea8f1b90}: 'java.lang.Object java.lang.invoke.DirectMethodHandle$Holder.invokeStaticInit(java.lang.Object, java.lang.Object, java.lang.Object, java.lang.Object)'> (0x00000000ea8f1b90) 
thrown [s\open\src\hotspot\share\interpreter\linkResolver.cpp, line 759]
Event: 7.811 Thread 0x00000265441b2cf0 Implicit null exception at 0x0000026525f09a93 to 0x0000026525f09ef0
Event: 8.118 Thread 0x00000265441b2cf0 Exception <a 'java/lang/NoSuchMethodError'{0x00000000e9cf7b50}: 'java.lang.Object java.lang.invoke.DirectMethodHandle$Holder.newInvokeSpecial(java.lang.Object, java.lang.Object, java.lang.Object, java.lang.Object, java.lang.Object, java.lang.Object, java.lang.Object, java.lang.Object)'> (0x00000000e9cf7b50) 
thrown [s\open\src\hotspot\share\interpreter\linkResolver.cpp, line 759]
Event: 8.119 Thread 0x00000265441b2cf0 Exception <a 'java/lang/NoSuchMethodError'{0x00000000e9cfd930}: 'java.lang.Object java.lang.invoke.Invokers$Holder.linkToTargetMethod(java.lang.Object, java.lang.Object, java.lang.Object, java.lang.Object, java.lang.Object, java.lang.Object, java.lang.Object, java.lang.Object)'> (0x00000000e9cfd930) 
thrown [s\open\src\hotspot\share\interpreter\linkResolver.cpp, line 759]
Event: 8.129 Thread 0x00000265441b2cf0 Exception <a 'java/lang/NoSuchMethodError'{0x00000000e9b2f0e0}: 'java.lang.Object java.lang.invoke.DirectMethodHandle$Holder.newInvokeSpecial(java.lang.Object, java.lang.Object, java.lang.Object, java.lang.Object, java.lang.Object, java.lang.Object, java.lang.Object)'> (0x00000000e9b2f0e0) 
thrown [s\open\src\hotspot\share\interpreter\linkResolver.cpp, line 759]
Event: 8.130 Thread 0x00000265441b2cf0 Exception <a 'java/lang/NoSuchMethodError'{0x00000000e9b34300}: 'java.lang.Object java.lang.invoke.Invokers$Holder.linkToTargetMethod(java.lang.Object, java.lang.Object, java.lang.Object, java.lang.Object, java.lang.Object, java.lang.Object, java.lang.Object)'> (0x00000000e9b34300) 
thrown [s\open\src\hotspot\share\interpreter\linkResolver.cpp, line 759]
Event: 8.144 Thread 0x00000265441b2cf0 Exception <a 'java/lang/IncompatibleClassChangeError'{0x00000000e9b62be8}: Found class java.lang.Object, but interface was expected> (0x00000000e9b62be8) 
thrown [s\open\src\hotspot\share\interpreter\linkResolver.cpp, line 826]

VM Operations (20 events):
Event: 5.011 Executing VM operation: HandshakeAllThreads
Event: 5.011 Executing VM operation: HandshakeAllThreads done
Event: 5.633 Executing VM operation: HandshakeAllThreads
Event: 5.633 Executing VM operation: HandshakeAllThreads done
Event: 6.633 Executing VM operation: Cleanup
Event: 6.633 Executing VM operation: Cleanup done
Event: 7.634 Executing VM operation: Cleanup
Event: 7.634 Executing VM operation: Cleanup done
Event: 7.817 Executing VM operation: HandshakeAllThreads
Event: 7.817 Executing VM operation: HandshakeAllThreads done
Event: 8.262 Executing VM operation: CollectForMetadataAllocation
Event: 8.281 Executing VM operation: CollectForMetadataAllocation done
Event: 8.304 Executing VM operation: G1Concurrent
Event: 8.307 Executing VM operation: G1Concurrent done
Event: 8.312 Executing VM operation: G1Concurrent
Event: 8.313 Executing VM operation: G1Concurrent done
Event: 8.340 Executing VM operation: HandshakeAllThreads
Event: 8.340 Executing VM operation: HandshakeAllThreads done
Event: 8.663 Executing VM operation: HandshakeAllThreads
Event: 8.663 Executing VM operation: HandshakeAllThreads done

Events (20 events):
Event: 7.828 loading class sun/reflect/generics/tree/ArrayTypeSignature
Event: 7.828 loading class sun/reflect/generics/tree/ArrayTypeSignature done
Event: 7.842 loading class java/lang/SafeVarargs
Event: 7.842 loading class java/lang/SafeVarargs done
Event: 8.007 Thread 0x00000265448d5cc0 Thread added: 0x00000265448d5cc0
Event: 8.236 Thread 0x00000265448d2510 Thread added: 0x00000265448d2510
Event: 8.550 loading class java/beans/PropertyDescriptor
Event: 8.551 loading class java/beans/PropertyDescriptor done
Event: 8.587 loading class java/util/EventListener
Event: 8.588 loading class java/util/EventListener done
Event: 8.603 loading class java/util/BitSet
Event: 8.604 loading class java/util/BitSet done
Event: 8.614 loading class java/util/TimerTask
Event: 8.615 loading class java/util/TimerTask done
Event: 8.615 loading class java/util/Timer
Event: 8.616 loading class java/util/Timer done
Event: 8.617 loading class java/lang/Process
Event: 8.617 loading class java/lang/Process done
Event: 8.662 loading class java/security/AccessControlException
Event: 8.662 loading class java/security/AccessControlException done


Dynamic libraries:
0x00007ff6b2ce0000 - 0x00007ff6b2cf0000 	C:\Program Files\Java\jdk-17\bin\java.exe
0x00007ff8ebc60000 - 0x00007ff8ebe50000 	C:\Windows\SYSTEM32\ntdll.dll
0x00007ff8eb4e0000 - 0x00007ff8eb592000 	C:\Windows\System32\KERNEL32.DLL
0x00007ff8e99e0000 - 0x00007ff8e9c83000 	C:\Windows\System32\KERNELBASE.dll
0x00007ff8e90c0000 - 0x00007ff8e91ba000 	C:\Windows\System32\ucrtbase.dll
0x00007ff8e3230000 - 0x00007ff8e324b000 	C:\Program Files\Java\jdk-17\bin\VCRUNTIME140.dll
0x00007ff8d6dc0000 - 0x00007ff8d6dd9000 	C:\Program Files\Java\jdk-17\bin\jli.dll
0x00007ff8ebb70000 - 0x00007ff8ebc13000 	C:\Windows\System32\ADVAPI32.dll
0x00007ff8eb200000 - 0x00007ff8eb29e000 	C:\Windows\System32\msvcrt.dll
0x00007ff8eaa20000 - 0x00007ff8eaab7000 	C:\Windows\System32\sechost.dll
0x00007ff8ea4d0000 - 0x00007ff8ea5f0000 	C:\Windows\System32\RPCRT4.dll
0x00007ff8ea880000 - 0x00007ff8eaa13000 	C:\Windows\System32\USER32.dll
0x00007ff8ce4e0000 - 0x00007ff8ce765000 	C:\Windows\WinSxS\amd64_microsoft.windows.common-controls_6595b64144ccf1df_6.0.18362.239_none_e6c7aebd130c7608\COMCTL32.dll
0x00007ff8e8d50000 - 0x00007ff8e8d71000 	C:\Windows\System32\win32u.dll
0x00007ff8eb830000 - 0x00007ff8ebb66000 	C:\Windows\System32\combase.dll
0x00007ff8eb4b0000 - 0x00007ff8eb4d6000 	C:\Windows\System32\GDI32.dll
0x00007ff8e9960000 - 0x00007ff8e99e0000 	C:\Windows\System32\bcryptPrimitives.dll
0x00007ff8e8dd0000 - 0x00007ff8e8f64000 	C:\Windows\System32\gdi32full.dll
0x00007ff8e8cb0000 - 0x00007ff8e8d4e000 	C:\Windows\System32\msvcp_win.dll
0x00007ff8e2ce0000 - 0x00007ff8e2cea000 	C:\Windows\SYSTEM32\VERSION.dll
0x00007ff8eb100000 - 0x00007ff8eb12e000 	C:\Windows\System32\IMM32.DLL
0x00007ff8e0b10000 - 0x00007ff8e0b1c000 	C:\Program Files\Java\jdk-17\bin\vcruntime140_1.dll
0x00007ff8b1800000 - 0x00007ff8b188e000 	C:\Program Files\Java\jdk-17\bin\msvcp140.dll
0x00007ff88e7f0000 - 0x00007ff88f3cf000 	C:\Program Files\Java\jdk-17\bin\server\jvm.dll
0x00007ff8eb0e0000 - 0x00007ff8eb0e8000 	C:\Windows\System32\PSAPI.DLL
0x00007ff8e5df0000 - 0x00007ff8e5e14000 	C:\Windows\SYSTEM32\WINMM.dll
0x00007ff8d8a10000 - 0x00007ff8d8a19000 	C:\Windows\SYSTEM32\WSOCK32.dll
0x00007ff8eb130000 - 0x00007ff8eb19f000 	C:\Windows\System32\WS2_32.dll
0x00007ff8e5800000 - 0x00007ff8e582d000 	C:\Windows\SYSTEM32\WINMMBASE.dll
0x00007ff8e8d80000 - 0x00007ff8e8dca000 	C:\Windows\System32\cfgmgr32.dll
0x00007ff8e8b50000 - 0x00007ff8e8b61000 	C:\Windows\System32\kernel.appcore.dll
0x00007ff8dd0d0000 - 0x00007ff8dd0da000 	C:\Program Files\Java\jdk-17\bin\jimage.dll
0x00007ff8d1ad0000 - 0x00007ff8d1cc4000 	C:\Windows\SYSTEM32\DBGHELP.DLL
0x00007ff8d1aa0000 - 0x00007ff8d1aca000 	C:\Windows\SYSTEM32\dbgcore.DLL
0x00007ff8c63c0000 - 0x00007ff8c63e5000 	C:\Program Files\Java\jdk-17\bin\java.dll
0x00007ff8b1670000 - 0x00007ff8b1747000 	C:\Program Files\Java\jdk-17\bin\jsvml.dll
0x00007ff8e9d80000 - 0x00007ff8ea460000 	C:\Windows\System32\SHELL32.dll
0x00007ff8eb700000 - 0x00007ff8eb7a9000 	C:\Windows\System32\shcore.dll
0x00007ff8e91e0000 - 0x00007ff8e995b000 	C:\Windows\System32\windows.storage.dll
0x00007ff8e8be0000 - 0x00007ff8e8bff000 	C:\Windows\System32\profapi.dll
0x00007ff8e8b70000 - 0x00007ff8e8bba000 	C:\Windows\System32\powrprof.dll
0x00007ff8e8b40000 - 0x00007ff8e8b50000 	C:\Windows\System32\UMPDC.dll
0x00007ff8e9d20000 - 0x00007ff8e9d72000 	C:\Windows\System32\shlwapi.dll
0x00007ff8e91c0000 - 0x00007ff8e91d7000 	C:\Windows\System32\cryptsp.dll
0x00007ff8ca930000 - 0x00007ff8ca949000 	C:\Program Files\Java\jdk-17\bin\net.dll
0x00007ff8e2220000 - 0x00007ff8e2310000 	C:\Windows\SYSTEM32\WINHTTP.dll
0x00007ff8e8300000 - 0x00007ff8e8367000 	C:\Windows\system32\mswsock.dll
0x00007ff8c9db0000 - 0x00007ff8c9dc6000 	C:\Program Files\Java\jdk-17\bin\nio.dll
0x00007ff8c4e80000 - 0x00007ff8c4e98000 	C:\Program Files\Java\jdk-17\bin\zip.dll
0x00007ff8c6660000 - 0x00007ff8c6670000 	C:\Program Files\Java\jdk-17\bin\verify.dll
0x00007ff8b8ca0000 - 0x00007ff8b8cc7000 	C:\Users\lenovo\.gradle\native\e1d6ef7f7dcc3fd88c89a11ec53ec762bb8ba0a96d01ffa2cd45eb1d1d8dd5c5\windows-amd64\native-platform.dll
0x00007ff8c0940000 - 0x00007ff8c0a84000 	C:\Users\lenovo\.gradle\native\5664cfc778a61ccfe75a443a1ab52a65af34e5dc3c78e0209fed803814484fcb\windows-amd64\native-platform-file-events.dll
0x00007ff8cffb0000 - 0x00007ff8cffba000 	C:\Program Files\Java\jdk-17\bin\management.dll
0x00007ff8cb0f0000 - 0x00007ff8cb0fb000 	C:\Program Files\Java\jdk-17\bin\management_ext.dll
0x00007ff8e7ed0000 - 0x00007ff8e7f03000 	C:\Windows\system32\rsaenh.dll
0x00007ff8e9cf0000 - 0x00007ff8e9d16000 	C:\Windows\System32\bcrypt.dll
0x00007ff8e8a60000 - 0x00007ff8e8a85000 	C:\Windows\SYSTEM32\USERENV.dll
0x00007ff8e8480000 - 0x00007ff8e848c000 	C:\Windows\SYSTEM32\CRYPTBASE.dll
0x00007ff8e8070000 - 0x00007ff8e80aa000 	C:\Windows\SYSTEM32\IPHLPAPI.DLL
0x00007ff8ea5f0000 - 0x00007ff8ea5f8000 	C:\Windows\System32\NSI.dll
0x00007ff8e1f70000 - 0x00007ff8e1f86000 	C:\Windows\SYSTEM32\dhcpcsvc6.DLL
0x00007ff8e2430000 - 0x00007ff8e244c000 	C:\Windows\SYSTEM32\dhcpcsvc.DLL
0x00007ff8e80b0000 - 0x00007ff8e817a000 	C:\Windows\SYSTEM32\DNSAPI.dll
0x00007ff8cab90000 - 0x00007ff8cab9e000 	C:\Program Files\Java\jdk-17\bin\sunmscapi.dll
0x00007ff8e8f70000 - 0x00007ff8e90b9000 	C:\Windows\System32\CRYPT32.dll
0x00007ff8e8bc0000 - 0x00007ff8e8bd2000 	C:\Windows\System32\MSASN1.dll
0x00007ff8e8620000 - 0x00007ff8e8646000 	C:\Windows\SYSTEM32\ncrypt.dll
0x00007ff8e85e0000 - 0x00007ff8e861b000 	C:\Windows\SYSTEM32\NTASN1.dll
0x00007ff8ca8d0000 - 0x00007ff8ca8d7000 	C:\Windows\system32\wshunix.dll

dbghelp: loaded successfully - version: 4.0.5 - missing functions: none
symbol engine: initialized successfully - sym options: 0x614 - pdb path: .;C:\Program Files\Java\jdk-17\bin;C:\Windows\SYSTEM32;C:\Windows\WinSxS\amd64_microsoft.windows.common-controls_6595b64144ccf1df_6.0.18362.239_none_e6c7aebd130c7608;C:\Program Files\Java\jdk-17\bin\server;C:\Users\lenovo\.gradle\native\e1d6ef7f7dcc3fd88c89a11ec53ec762bb8ba0a96d01ffa2cd45eb1d1d8dd5c5\windows-amd64;C:\Users\lenovo\.gradle\native\5664cfc778a61ccfe75a443a1ab52a65af34e5dc3c78e0209fed803814484fcb\windows-amd64

VM Arguments:
jvm_args: --add-opens=java.base/java.util=ALL-UNNAMED --add-opens=java.base/java.lang=ALL-UNNAMED --add-opens=java.base/java.lang.invoke=ALL-UNNAMED --add-opens=java.base/java.util=ALL-UNNAMED --add-opens=java.prefs/java.util.prefs=ALL-UNNAMED --add-opens=java.prefs/java.util.prefs=ALL-UNNAMED --add-opens=java.base/java.nio.charset=ALL-UNNAMED --add-opens=java.base/java.net=ALL-UNNAMED --add-opens=java.base/java.util.concurrent.atomic=ALL-UNNAMED -XX:MaxMetaspaceSize=256m -XX:+HeapDumpOnOutOfMemoryError -Xms256m -Xmx512m -Dfile.encoding=windows-1252 -Duser.country=US -Duser.language=en -Duser.variant 
java_command: org.gradle.launcher.daemon.bootstrap.GradleDaemon 7.3.3
java_class_path (initial): C:\Users\lenovo\.gradle\wrapper\dists\gradle-7.3.3-bin\6a41zxkdtcxs8rphpq6y0069z\gradle-7.3.3\lib\gradle-launcher-7.3.3.jar
Launcher Type: SUN_STANDARD

[Global flags]
     intx CICompilerCount                          = 3                                         {product} {ergonomic}
   size_t CompressedClassSpaceSize                 = 218103808                                 {product} {ergonomic}
     uint ConcGCThreads                            = 1                                         {product} {ergonomic}
     uint G1ConcRefinementThreads                  = 4                                         {product} {ergonomic}
   size_t G1HeapRegionSize                         = 1048576                                   {product} {ergonomic}
    uintx GCDrainStackTargetSize                   = 64                                        {product} {ergonomic}
     bool HeapDumpOnOutOfMemoryError               = true                                   {manageable} {command line}
   size_t InitialHeapSize                          = 268435456                                 {product} {command line}
   size_t MarkStackSize                            = 4194304                                   {product} {ergonomic}
   size_t MaxHeapSize                              = 536870912                                 {product} {command line}
   size_t MaxMetaspaceSize                         = 268435456                                 {product} {command line}
   size_t MaxNewSize                               = 321912832                                 {product} {ergonomic}
   size_t MinHeapDeltaBytes                        = 1048576                                   {product} {ergonomic}
   size_t MinHeapSize                              = 268435456                                 {product} {command line}
    uintx NonNMethodCodeHeapSize                   = 5832780                                {pd product} {ergonomic}
    uintx NonProfiledCodeHeapSize                  = 122912730                              {pd product} {ergonomic}
    uintx ProfiledCodeHeapSize                     = 122912730                              {pd product} {ergonomic}
    uintx ReservedCodeCacheSize                    = 251658240                              {pd product} {ergonomic}
     bool SegmentedCodeCache                       = true                                      {product} {ergonomic}
   size_t SoftMaxHeapSize                          = 536870912                              {manageable} {ergonomic}
     bool UseCompressedClassPointers               = true                           {product lp64_product} {ergonomic}
     bool UseCompressedOops                        = true                           {product lp64_product} {ergonomic}
     bool UseG1GC                                  = true                                      {product} {ergonomic}
     bool UseLargePagesIndividualAllocation        = false                                  {pd product} {ergonomic}

Logging:
Log output configuration:
 #0: stdout all=warning uptime,level,tags
 #1: stderr all=off uptime,level,tags

Environment Variables:
CLASSPATH=D:\Android Project\Kriya\\gradle\wrapper\gradle-wrapper.jar
PATH=C:\Program Files\Common Files\Oracle\Java\javapath;"C:\Program Files\OpenSSH;";C:\Windows\system32;C:\Windows;C:\Windows\System32\Wbem;C:\Windows\System32\WindowsPowerShell\v1.0\;C:\Program Files\Git\cmd;C:\Program Files\OpenSSH;C:\Windows\System32\OpenSSH\;C:\Program Files\nodejs\;C:\Users\lenovo\AppData\Local\Microsoft\WindowsApps;D:\Microsoft VS Code\bin;C:\Users\lenovo\AppData\Local\Android\Sdk\platform-tools;C:\Users\lenovo\Downloads\gradle-7.3.3-all\gradle-7.3.3\bin;C:\Windows\System32\cmd.exe;D:\Android Project\Kriya\settings.gradle;D:\Android Project\Kriya\gradle\wrapper;C:\Users\lenovo\gradle-8.5-bin\gradle-8.5\bin;D:\Android Project\Kriya\gradle-8.5-bin\gradle-8.5\bin;C:\Program Files\Java\jdk-17\bin;C:\Users\lenovo\AppData\Roaming\npm
USERNAME=lenovo
LANG=en_US.UTF-8
OS=Windows_NT
PROCESSOR_IDENTIFIER=Intel64 Family 6 Model 78 Stepping 3, GenuineIntel



---------------  S Y S T E M  ---------------

OS:
 Windows 10 , 64 bit Build 18362 (10.0.18362.86)
OS uptime: 2 days 0:32 hours
Hyper-V role detected

CPU: total 4 (initial active 4) (2 cores per cpu, 2 threads per core) family 6 model 78 stepping 3 microcode 0xc6, cx8, cmov, fxsr, ht, mmx, 3dnowpref, sse, sse2, sse3, ssse3, sse4.1, sse4.2, popcnt, lzcnt, tsc, tscinvbit, avx, avx2, aes, erms, clmul, bmi1, bmi2, adx, fma, vzeroupper, clflush, clflushopt, hv

Memory: 4k page, system-wide physical 3975M (280M free)
TotalPageFile size 16263M (AvailPageFile size 8M)
current process WorkingSet (physical memory assigned to process): 236M, peak: 236M
current process commit charge ("private bytes"): 413M, peak: 413M

vm_info: Java HotSpot(TM) 64-Bit Server VM (17.0.10+11-LTS-240) for windows-amd64 JRE (17.0.10+11-LTS-240), built on Dec 19 2023 21:47:25 by "mach5one" with MS VC++ 17.1 (VS2022)

END.
